2018/03/23 11:04:59 [error] [exception.CException] exception 'CException' with message 'Property "CWebApplication.sesion" is not defined.' in C:\AppServ\www\iservice\framework\base\CComponent.php:130
Stack trace:
#0 C:\AppServ\www\iservice\framework\base\CModule.php(105): CComponent->__get('sesion')
#1 C:\AppServ\www\iservice\app\protected\views\site\index.php(1): CModule->__get('sesion')
#2 C:\AppServ\www\iservice\framework\web\CBaseController.php(126): require('C:\AppServ\www\...')
#3 C:\AppServ\www\iservice\framework\web\CBaseController.php(95): CBaseController->renderInternal('C:\AppServ\www\...', NULL, true)
#4 C:\AppServ\www\iservice\framework\web\CController.php(869): CBaseController->renderFile('C:\AppServ\www\...', NULL, true)
#5 C:\AppServ\www\iservice\framework\web\CController.php(782): CController->renderPartial('index', NULL, true)
#6 C:\AppServ\www\iservice\app\protected\controllers\SiteController.php(30): CController->render('index')
#7 C:\AppServ\www\iservice\framework\web\actions\CInlineAction.php(49): SiteController->actionIndex()
#8 C:\AppServ\www\iservice\framework\web\CController.php(308): CInlineAction->runWithParams(Array)
#9 C:\AppServ\www\iservice\framework\web\CController.php(286): CController->runAction(Object(CInlineAction))
#10 C:\AppServ\www\iservice\framework\web\CController.php(265): CController->runActionWithFilters(Object(CInlineAction), Array)
#11 C:\AppServ\www\iservice\framework\web\CWebApplication.php(282): CController->run('Index')
#12 C:\AppServ\www\iservice\framework\web\CWebApplication.php(141): CWebApplication->runController('Site/Index')
#13 C:\AppServ\www\iservice\framework\base\CApplication.php(180): CWebApplication->processRequest()
#14 C:\AppServ\www\iservice\app\index.php(13): CApplication->run()
#15 {main}
REQUEST_URI=/iservice/app/?r=Site/Index
---
2018/03/23 11:27:13 [error] [exception.CException] exception 'CException' with message 'Employee and its behaviors do not have a method or closure named "findByAtrributes".' in C:\AppServ\www\iservice\framework\base\CComponent.php:266
Stack trace:
#0 C:\AppServ\www\iservice\framework\db\ar\CActiveRecord.php(227): CComponent->__call('findByAtrribute...', Array)
#1 [internal function]: CActiveRecord->__call('findByAtrribute...', Array)
#2 C:\AppServ\www\iservice\app\protected\controllers\MemberController.php(11): Employee->findByAtrributes(Array)
#3 C:\AppServ\www\iservice\framework\web\actions\CInlineAction.php(49): MemberController->actionCheckLogin()
#4 C:\AppServ\www\iservice\framework\web\CController.php(308): CInlineAction->runWithParams(Array)
#5 C:\AppServ\www\iservice\framework\web\CController.php(286): CController->runAction(Object(CInlineAction))
#6 C:\AppServ\www\iservice\framework\web\CController.php(265): CController->runActionWithFilters(Object(CInlineAction), Array)
#7 C:\AppServ\www\iservice\framework\web\CWebApplication.php(282): CController->run('checkLogin')
#8 C:\AppServ\www\iservice\framework\web\CWebApplication.php(141): CWebApplication->runController('member/checkLog...')
#9 C:\AppServ\www\iservice\framework\base\CApplication.php(180): CWebApplication->processRequest()
#10 C:\AppServ\www\iservice\app\index.php(13): CApplication->run()
#11 {main}
REQUEST_URI=/iservice/app/index.php?r=member/checkLogin
HTTP_REFERER=http://localhost/iservice/app/?r=Site/Index
---
2018/03/23 11:27:33 [error] [exception.CException] exception 'CException' with message 'Employee and its behaviors do not have a method or closure named "findByAtrributes".' in C:\AppServ\www\iservice\framework\base\CComponent.php:266
Stack trace:
#0 C:\AppServ\www\iservice\framework\db\ar\CActiveRecord.php(227): CComponent->__call('findByAtrribute...', Array)
#1 [internal function]: CActiveRecord->__call('findByAtrribute...', Array)
#2 C:\AppServ\www\iservice\app\protected\controllers\MemberController.php(11): Employee->findByAtrributes(Array)
#3 C:\AppServ\www\iservice\framework\web\actions\CInlineAction.php(49): MemberController->actionCheckLogin()
#4 C:\AppServ\www\iservice\framework\web\CController.php(308): CInlineAction->runWithParams(Array)
#5 C:\AppServ\www\iservice\framework\web\CController.php(286): CController->runAction(Object(CInlineAction))
#6 C:\AppServ\www\iservice\framework\web\CController.php(265): CController->runActionWithFilters(Object(CInlineAction), Array)
#7 C:\AppServ\www\iservice\framework\web\CWebApplication.php(282): CController->run('checkLogin')
#8 C:\AppServ\www\iservice\framework\web\CWebApplication.php(141): CWebApplication->runController('member/checkLog...')
#9 C:\AppServ\www\iservice\framework\base\CApplication.php(180): CWebApplication->processRequest()
#10 C:\AppServ\www\iservice\app\index.php(13): CApplication->run()
#11 {main}
REQUEST_URI=/iservice/app/index.php?r=member/checkLogin
HTTP_REFERER=http://localhost/iservice/app/?r=Site/Index
---
2018/03/23 11:32:37 [error] [php] Cannot modify header information - headers already sent by (output started at C:\AppServ\www\iservice\app\protected\controllers\MemberController.php:12) (C:\AppServ\www\iservice\framework\web\CHttpRequest.php:803)
Stack trace:
#0 C:\AppServ\www\iservice\app\protected\controllers\MemberController.php(21): MemberController->redirect()
#1 C:\AppServ\www\iservice\framework\web\actions\CInlineAction.php(49): MemberController->actionCheckLogin()
#2 C:\AppServ\www\iservice\framework\web\CController.php(308): CInlineAction->runWithParams()
#3 C:\AppServ\www\iservice\framework\web\CController.php(286): MemberController->runAction()
#4 C:\AppServ\www\iservice\framework\web\CController.php(265): MemberController->runActionWithFilters()
#5 C:\AppServ\www\iservice\framework\web\CWebApplication.php(282): MemberController->run()
#6 C:\AppServ\www\iservice\framework\web\CWebApplication.php(141): CWebApplication->runController()
#7 C:\AppServ\www\iservice\framework\base\CApplication.php(180): CWebApplication->processRequest()
#8 C:\AppServ\www\iservice\app\index.php(13): CWebApplication->run()
REQUEST_URI=/iservice/app/index.php?r=member/checkLogin
in C:\AppServ\www\iservice\app\protected\controllers\MemberController.php (21)
in C:\AppServ\www\iservice\app\index.php (13)
2018/03/23 11:36:43 [error] [php] Cannot modify header information - headers already sent by (output started at C:\AppServ\www\iservice\app\protected\controllers\MemberController.php:6) (C:\AppServ\www\iservice\framework\web\CHttpRequest.php:803)
Stack trace:
#0 C:\AppServ\www\iservice\app\protected\controllers\MemberController.php(22): MemberController->redirect()
#1 C:\AppServ\www\iservice\framework\web\actions\CInlineAction.php(49): MemberController->actionCheckLogin()
#2 C:\AppServ\www\iservice\framework\web\CController.php(308): CInlineAction->runWithParams()
#3 C:\AppServ\www\iservice\framework\web\CController.php(286): MemberController->runAction()
#4 C:\AppServ\www\iservice\framework\web\CController.php(265): MemberController->runActionWithFilters()
#5 C:\AppServ\www\iservice\framework\web\CWebApplication.php(282): MemberController->run()
#6 C:\AppServ\www\iservice\framework\web\CWebApplication.php(141): CWebApplication->runController()
#7 C:\AppServ\www\iservice\framework\base\CApplication.php(180): CWebApplication->processRequest()
#8 C:\AppServ\www\iservice\app\index.php(13): CWebApplication->run()
REQUEST_URI=/iservice/app/index.php?r=Member/CheckLogin
in C:\AppServ\www\iservice\app\protected\controllers\MemberController.php (22)
in C:\AppServ\www\iservice\app\index.php (13)
2018/03/30 11:13:26 [error] [exception.CHttpException.404] exception 'CHttpException' with message 'The system is unable to find the requested action "RepairType".' in C:\AppServ\www\iservice\framework\web\CController.php:483
Stack trace:
#0 C:\AppServ\www\iservice\framework\web\CController.php(270): CController->missingAction('RepairType')
#1 C:\AppServ\www\iservice\framework\web\CWebApplication.php(282): CController->run('RepairType')
#2 C:\AppServ\www\iservice\framework\web\CWebApplication.php(141): CWebApplication->runController('Config/RepairTy...')
#3 C:\AppServ\www\iservice\framework\base\CApplication.php(180): CWebApplication->processRequest()
#4 C:\AppServ\www\iservice\app\index.php(13): CApplication->run()
#5 {main}
REQUEST_URI=/iservice/app/index.php?r=Config/RepairType
HTTP_REFERER=http://localhost/iservice/app/index.php?r=Config
---
2018/03/30 11:48:27 [error] [exception.CException] exception 'CException' with message 'Property "CDataColumn.hmtlOptions" is not defined.' in C:\AppServ\www\iservice\framework\base\CComponent.php:173
Stack trace:
#0 C:\AppServ\www\iservice\framework\YiiBase.php(220): CComponent->__set('hmtlOptions', Array)
#1 C:\AppServ\www\iservice\framework\zii\widgets\grid\CGridView.php(388): YiiBase::createComponent(Array, Object(CGridView))
#2 C:\AppServ\www\iservice\framework\zii\widgets\grid\CGridView.php(359): CGridView->initColumns()
#3 C:\AppServ\www\iservice\framework\web\CBaseController.php(147): CGridView->init()
#4 C:\AppServ\www\iservice\framework\web\CBaseController.php(172): CBaseController->createWidget('zii.widgets.gri...', Array)
#5 C:\AppServ\www\iservice\app\protected\views\config\RepairType.php(41): CBaseController->widget('zii.widgets.gri...', Array)
#6 C:\AppServ\www\iservice\framework\web\CBaseController.php(126): require('C:\AppServ\www\...')
#7 C:\AppServ\www\iservice\framework\web\CBaseController.php(95): CBaseController->renderInternal('C:\AppServ\www\...', Array, true)
#8 C:\AppServ\www\iservice\framework\web\CController.php(869): CBaseController->renderFile('C:\AppServ\www\...', Array, true)
#9 C:\AppServ\www\iservice\framework\web\CController.php(782): CController->renderPartial('RepairType', Array, true)
#10 C:\AppServ\www\iservice\app\protected\controllers\ConfigController.php(15): CController->render('RepairType', Array)
#11 C:\AppServ\www\iservice\framework\web\actions\CInlineAction.php(49): ConfigController->actionRepairType()
#12 C:\AppServ\www\iservice\framework\web\CController.php(308): CInlineAction->runWithParams(Array)
#13 C:\AppServ\www\iservice\framework\web\CController.php(286): CController->runAction(Object(CInlineAction))
#14 C:\AppServ\www\iservice\framework\web\CController.php(265): CController->runActionWithFilters(Object(CInlineAction), Array)
#15 C:\AppServ\www\iservice\framework\web\CWebApplication.php(282): CController->run('RepairType')
#16 C:\AppServ\www\iservice\framework\web\CWebApplication.php(141): CWebApplication->runController('Config/RepairTy...')
#17 C:\AppServ\www\iservice\framework\base\CApplication.php(180): CWebApplication->processRequest()
#18 C:\AppServ\www\iservice\app\index.php(13): CApplication->run()
#19 {main}
REQUEST_URI=/iservice/app/index.php?r=Config/RepairType
HTTP_REFERER=http://localhost/iservice/app/index.php?r=Config
---
2018/03/30 11:49:12 [error] [exception.CException] exception 'CException' with message 'Property "CDataColumn.hmtlOptions" is not defined.' in C:\AppServ\www\iservice\framework\base\CComponent.php:173
Stack trace:
#0 C:\AppServ\www\iservice\framework\YiiBase.php(220): CComponent->__set('hmtlOptions', Array)
#1 C:\AppServ\www\iservice\framework\zii\widgets\grid\CGridView.php(388): YiiBase::createComponent(Array, Object(CGridView))
#2 C:\AppServ\www\iservice\framework\zii\widgets\grid\CGridView.php(359): CGridView->initColumns()
#3 C:\AppServ\www\iservice\framework\web\CBaseController.php(147): CGridView->init()
#4 C:\AppServ\www\iservice\framework\web\CBaseController.php(172): CBaseController->createWidget('zii.widgets.gri...', Array)
#5 C:\AppServ\www\iservice\app\protected\views\config\RepairType.php(30): CBaseController->widget('zii.widgets.gri...', Array)
#6 C:\AppServ\www\iservice\framework\web\CBaseController.php(126): require('C:\AppServ\www\...')
#7 C:\AppServ\www\iservice\framework\web\CBaseController.php(95): CBaseController->renderInternal('C:\AppServ\www\...', Array, true)
#8 C:\AppServ\www\iservice\framework\web\CController.php(869): CBaseController->renderFile('C:\AppServ\www\...', Array, true)
#9 C:\AppServ\www\iservice\framework\web\CController.php(782): CController->renderPartial('RepairType', Array, true)
#10 C:\AppServ\www\iservice\app\protected\controllers\ConfigController.php(15): CController->render('RepairType', Array)
#11 C:\AppServ\www\iservice\framework\web\actions\CInlineAction.php(49): ConfigController->actionRepairType()
#12 C:\AppServ\www\iservice\framework\web\CController.php(308): CInlineAction->runWithParams(Array)
#13 C:\AppServ\www\iservice\framework\web\CController.php(286): CController->runAction(Object(CInlineAction))
#14 C:\AppServ\www\iservice\framework\web\CController.php(265): CController->runActionWithFilters(Object(CInlineAction), Array)
#15 C:\AppServ\www\iservice\framework\web\CWebApplication.php(282): CController->run('RepairType')
#16 C:\AppServ\www\iservice\framework\web\CWebApplication.php(141): CWebApplication->runController('Config/RepairTy...')
#17 C:\AppServ\www\iservice\framework\base\CApplication.php(180): CWebApplication->processRequest()
#18 C:\AppServ\www\iservice\app\index.php(13): CApplication->run()
#19 {main}
REQUEST_URI=/iservice/app/index.php?r=Config/RepairType
HTTP_REFERER=http://localhost/iservice/app/index.php?r=Config
---
2018/03/30 11:49:14 [error] [exception.CException] exception 'CException' with message 'Property "CDataColumn.hmtlOptions" is not defined.' in C:\AppServ\www\iservice\framework\base\CComponent.php:173
Stack trace:
#0 C:\AppServ\www\iservice\framework\YiiBase.php(220): CComponent->__set('hmtlOptions', Array)
#1 C:\AppServ\www\iservice\framework\zii\widgets\grid\CGridView.php(388): YiiBase::createComponent(Array, Object(CGridView))
#2 C:\AppServ\www\iservice\framework\zii\widgets\grid\CGridView.php(359): CGridView->initColumns()
#3 C:\AppServ\www\iservice\framework\web\CBaseController.php(147): CGridView->init()
#4 C:\AppServ\www\iservice\framework\web\CBaseController.php(172): CBaseController->createWidget('zii.widgets.gri...', Array)
#5 C:\AppServ\www\iservice\app\protected\views\config\RepairType.php(30): CBaseController->widget('zii.widgets.gri...', Array)
#6 C:\AppServ\www\iservice\framework\web\CBaseController.php(126): require('C:\AppServ\www\...')
#7 C:\AppServ\www\iservice\framework\web\CBaseController.php(95): CBaseController->renderInternal('C:\AppServ\www\...', Array, true)
#8 C:\AppServ\www\iservice\framework\web\CController.php(869): CBaseController->renderFile('C:\AppServ\www\...', Array, true)
#9 C:\AppServ\www\iservice\framework\web\CController.php(782): CController->renderPartial('RepairType', Array, true)
#10 C:\AppServ\www\iservice\app\protected\controllers\ConfigController.php(15): CController->render('RepairType', Array)
#11 C:\AppServ\www\iservice\framework\web\actions\CInlineAction.php(49): ConfigController->actionRepairType()
#12 C:\AppServ\www\iservice\framework\web\CController.php(308): CInlineAction->runWithParams(Array)
#13 C:\AppServ\www\iservice\framework\web\CController.php(286): CController->runAction(Object(CInlineAction))
#14 C:\AppServ\www\iservice\framework\web\CController.php(265): CController->runActionWithFilters(Object(CInlineAction), Array)
#15 C:\AppServ\www\iservice\framework\web\CWebApplication.php(282): CController->run('RepairType')
#16 C:\AppServ\www\iservice\framework\web\CWebApplication.php(141): CWebApplication->runController('Config/RepairTy...')
#17 C:\AppServ\www\iservice\framework\base\CApplication.php(180): CWebApplication->processRequest()
#18 C:\AppServ\www\iservice\app\index.php(13): CApplication->run()
#19 {main}
REQUEST_URI=/iservice/app/index.php?r=Config/RepairType
HTTP_REFERER=http://localhost/iservice/app/index.php?r=Config
---
2018/03/30 11:52:04 [error] [exception.CException] exception 'CException' with message 'Property "CDataColumn.hmtlOptions" is not defined.' in C:\AppServ\www\iservice\framework\base\CComponent.php:173
Stack trace:
#0 C:\AppServ\www\iservice\framework\YiiBase.php(220): CComponent->__set('hmtlOptions', Array)
#1 C:\AppServ\www\iservice\framework\zii\widgets\grid\CGridView.php(388): YiiBase::createComponent(Array, Object(CGridView))
#2 C:\AppServ\www\iservice\framework\zii\widgets\grid\CGridView.php(359): CGridView->initColumns()
#3 C:\AppServ\www\iservice\framework\web\CBaseController.php(147): CGridView->init()
#4 C:\AppServ\www\iservice\framework\web\CBaseController.php(172): CBaseController->createWidget('zii.widgets.gri...', Array)
#5 C:\AppServ\www\iservice\app\protected\views\config\RepairType.php(41): CBaseController->widget('zii.widgets.gri...', Array)
#6 C:\AppServ\www\iservice\framework\web\CBaseController.php(126): require('C:\AppServ\www\...')
#7 C:\AppServ\www\iservice\framework\web\CBaseController.php(95): CBaseController->renderInternal('C:\AppServ\www\...', Array, true)
#8 C:\AppServ\www\iservice\framework\web\CController.php(869): CBaseController->renderFile('C:\AppServ\www\...', Array, true)
#9 C:\AppServ\www\iservice\framework\web\CController.php(782): CController->renderPartial('RepairType', Array, true)
#10 C:\AppServ\www\iservice\app\protected\controllers\ConfigController.php(15): CController->render('RepairType', Array)
#11 C:\AppServ\www\iservice\framework\web\actions\CInlineAction.php(49): ConfigController->actionRepairType()
#12 C:\AppServ\www\iservice\framework\web\CController.php(308): CInlineAction->runWithParams(Array)
#13 C:\AppServ\www\iservice\framework\web\CController.php(286): CController->runAction(Object(CInlineAction))
#14 C:\AppServ\www\iservice\framework\web\CController.php(265): CController->runActionWithFilters(Object(CInlineAction), Array)
#15 C:\AppServ\www\iservice\framework\web\CWebApplication.php(282): CController->run('RepairType')
#16 C:\AppServ\www\iservice\framework\web\CWebApplication.php(141): CWebApplication->runController('Config/RepairTy...')
#17 C:\AppServ\www\iservice\framework\base\CApplication.php(180): CWebApplication->processRequest()
#18 C:\AppServ\www\iservice\app\index.php(13): CApplication->run()
#19 {main}
REQUEST_URI=/iservice/app/index.php?r=Config/RepairType
HTTP_REFERER=http://localhost/iservice/app/index.php?r=Config
---
2018/03/30 11:57:31 [error] [exception.CHttpException.404] exception 'CHttpException' with message 'The system is unable to find the requested action "RepairTypeForm".' in C:\AppServ\www\iservice\framework\web\CController.php:483
Stack trace:
#0 C:\AppServ\www\iservice\framework\web\CController.php(270): CController->missingAction('RepairTypeForm')
#1 C:\AppServ\www\iservice\framework\web\CWebApplication.php(282): CController->run('RepairTypeForm')
#2 C:\AppServ\www\iservice\framework\web\CWebApplication.php(141): CWebApplication->runController('Config/RepairTy...')
#3 C:\AppServ\www\iservice\framework\base\CApplication.php(180): CWebApplication->processRequest()
#4 C:\AppServ\www\iservice\app\index.php(13): CApplication->run()
#5 {main}
REQUEST_URI=/iservice/app/index.php?r=Config/RepairTypeForm
HTTP_REFERER=http://localhost/iservice/app/index.php?r=Config/RepairType
---
2018/03/30 12:16:34 [error] [exception.CException] exception 'CException' with message 'ConfigController and its behaviors do not have a method or closure named "beignWidget".' in C:\AppServ\www\iservice\framework\base\CComponent.php:266
Stack trace:
#0 [internal function]: CComponent->__call('beignWidget', Array)
#1 C:\AppServ\www\iservice\app\protected\views\config\RepairTypeForm.php(11): ConfigController->beignWidget('CActiveForm', Array)
#2 C:\AppServ\www\iservice\framework\web\CBaseController.php(126): require('C:\AppServ\www\...')
#3 C:\AppServ\www\iservice\framework\web\CBaseController.php(95): CBaseController->renderInternal('C:\AppServ\www\...', Array, true)
#4 C:\AppServ\www\iservice\framework\web\CController.php(869): CBaseController->renderFile('C:\AppServ\www\...', Array, true)
#5 C:\AppServ\www\iservice\framework\web\CController.php(782): CController->renderPartial('RepairTypeForm', Array, true)
#6 C:\AppServ\www\iservice\app\protected\controllers\ConfigController.php(39): CController->render('RepairTypeForm', Array)
#7 [internal function]: ConfigController->actionRepairTypeForm(NULL)
#8 C:\AppServ\www\iservice\framework\web\actions\CAction.php(108): ReflectionMethod->invokeArgs(Object(ConfigController), Array)
#9 C:\AppServ\www\iservice\framework\web\actions\CInlineAction.php(47): CAction->runWithParamsInternal(Object(ConfigController), Object(ReflectionMethod), Array)
#10 C:\AppServ\www\iservice\framework\web\CController.php(308): CInlineAction->runWithParams(Array)
#11 C:\AppServ\www\iservice\framework\web\CController.php(286): CController->runAction(Object(CInlineAction))
#12 C:\AppServ\www\iservice\framework\web\CController.php(265): CController->runActionWithFilters(Object(CInlineAction), Array)
#13 C:\AppServ\www\iservice\framework\web\CWebApplication.php(282): CController->run('RepairTypeForm')
#14 C:\AppServ\www\iservice\framework\web\CWebApplication.php(141): CWebApplication->runController('Config/RepairTy...')
#15 C:\AppServ\www\iservice\framework\base\CApplication.php(180): CWebApplication->processRequest()
#16 C:\AppServ\www\iservice\app\index.php(13): CApplication->run()
#17 {main}
REQUEST_URI=/iservice/app/index.php?r=Config/RepairTypeForm
HTTP_REFERER=http://localhost/iservice/app/index.php?r=Config/RepairType
---
2018/04/20 10:02:11 [error] [exception.CHttpException.404] exception 'CHttpException' with message 'The system is unable to find the requested action "GroupSetting".' in C:\AppServ\www\iservice\framework\web\CController.php:483
Stack trace:
#0 C:\AppServ\www\iservice\framework\web\CController.php(270): CController->missingAction('GroupSetting')
#1 C:\AppServ\www\iservice\framework\web\CWebApplication.php(282): CController->run('GroupSetting')
#2 C:\AppServ\www\iservice\framework\web\CWebApplication.php(141): CWebApplication->runController('Config/GroupSet...')
#3 C:\AppServ\www\iservice\framework\base\CApplication.php(180): CWebApplication->processRequest()
#4 C:\AppServ\www\iservice\app\index.php(13): CApplication->run()
#5 {main}
REQUEST_URI=/iservice/app/index.php?r=Config/GroupSetting
HTTP_REFERER=http://localhost/iservice/app/index.php?r=Config
---
2018/04/20 10:02:16 [error] [exception.CHttpException.404] exception 'CHttpException' with message 'The system is unable to find the requested action "ProjectType".' in C:\AppServ\www\iservice\framework\web\CController.php:483
Stack trace:
#0 C:\AppServ\www\iservice\framework\web\CController.php(270): CController->missingAction('ProjectType')
#1 C:\AppServ\www\iservice\framework\web\CWebApplication.php(282): CController->run('ProjectType')
#2 C:\AppServ\www\iservice\framework\web\CWebApplication.php(141): CWebApplication->runController('Config/ProjectT...')
#3 C:\AppServ\www\iservice\framework\base\CApplication.php(180): CWebApplication->processRequest()
#4 C:\AppServ\www\iservice\app\index.php(13): CApplication->run()
#5 {main}
REQUEST_URI=/iservice/app/index.php?r=Config/ProjectType
HTTP_REFERER=http://localhost/iservice/app/index.php?r=Config
---
2018/04/20 10:02:35 [error] [exception.CHttpException.404] exception 'CHttpException' with message 'Unable to resolve the request "Home/RequestForm".' in C:\AppServ\www\iservice\framework\web\CWebApplication.php:286
Stack trace:
#0 C:\AppServ\www\iservice\framework\web\CWebApplication.php(141): CWebApplication->runController('Home/RequestFor...')
#1 C:\AppServ\www\iservice\framework\base\CApplication.php(180): CWebApplication->processRequest()
#2 C:\AppServ\www\iservice\app\index.php(13): CApplication->run()
#3 {main}
REQUEST_URI=/iservice/app/index.php?r=Home/RequestForm
HTTP_REFERER=http://localhost/iservice/app/index.php?r=Config/RepairType
---
2018/04/20 10:02:47 [error] [exception.CHttpException.404] exception 'CHttpException' with message 'Unable to resolve the request "Home/RequestForm".' in C:\AppServ\www\iservice\framework\web\CWebApplication.php:286
Stack trace:
#0 C:\AppServ\www\iservice\framework\web\CWebApplication.php(141): CWebApplication->runController('Home/RequestFor...')
#1 C:\AppServ\www\iservice\framework\base\CApplication.php(180): CWebApplication->processRequest()
#2 C:\AppServ\www\iservice\app\index.php(13): CApplication->run()
#3 {main}
REQUEST_URI=/iservice/app/index.php?r=Home/RequestForm
HTTP_REFERER=http://localhost/iservice/app/index.php?
---
2018/04/20 10:11:22 [error] [exception.CHttpException.404] exception 'CHttpException' with message 'Unable to resolve the request "Report/Repair".' in C:\AppServ\www\iservice\framework\web\CWebApplication.php:286
Stack trace:
#0 C:\AppServ\www\iservice\framework\web\CWebApplication.php(141): CWebApplication->runController('Report/Repair')
#1 C:\AppServ\www\iservice\framework\base\CApplication.php(180): CWebApplication->processRequest()
#2 C:\AppServ\www\iservice\app\index.php(13): CApplication->run()
#3 {main}
REQUEST_URI=/iservice/app/index.php?r=Report/Repair
HTTP_REFERER=http://localhost/iservice/app/index.php?r=member/home
---
2018/04/20 10:11:23 [error] [exception.CHttpException.404] exception 'CHttpException' with message 'The system is unable to find the requested action "Profile".' in C:\AppServ\www\iservice\framework\web\CController.php:483
Stack trace:
#0 C:\AppServ\www\iservice\framework\web\CController.php(270): CController->missingAction('Profile')
#1 C:\AppServ\www\iservice\framework\web\CWebApplication.php(282): CController->run('Profile')
#2 C:\AppServ\www\iservice\framework\web\CWebApplication.php(141): CWebApplication->runController('Member/Profile')
#3 C:\AppServ\www\iservice\framework\base\CApplication.php(180): CWebApplication->processRequest()
#4 C:\AppServ\www\iservice\app\index.php(13): CApplication->run()
#5 {main}
REQUEST_URI=/iservice/app/index.php?r=Member/Profile
HTTP_REFERER=http://localhost/iservice/app/index.php?r=Report/Repair
---
2018/04/20 10:15:29 [error] [exception.CHttpException.404] exception 'CHttpException' with message 'Unable to resolve the request "Report/Repair".' in C:\AppServ\www\iservice\framework\web\CWebApplication.php:286
Stack trace:
#0 C:\AppServ\www\iservice\framework\web\CWebApplication.php(141): CWebApplication->runController('Report/Repair')
#1 C:\AppServ\www\iservice\framework\base\CApplication.php(180): CWebApplication->processRequest()
#2 C:\AppServ\www\iservice\app\index.php(13): CApplication->run()
#3 {main}
REQUEST_URI=/iservice/app/index.php?r=Report/Repair
HTTP_REFERER=http://localhost/iservice/app/index.php?r=member/home
---
2018/04/20 10:15:59 [error] [exception.CHttpException.404] exception 'CHttpException' with message 'The system is unable to find the requested action "GroupSetting".' in C:\AppServ\www\iservice\framework\web\CController.php:483
Stack trace:
#0 C:\AppServ\www\iservice\framework\web\CController.php(270): CController->missingAction('GroupSetting')
#1 C:\AppServ\www\iservice\framework\web\CWebApplication.php(282): CController->run('GroupSetting')
#2 C:\AppServ\www\iservice\framework\web\CWebApplication.php(141): CWebApplication->runController('Config/GroupSet...')
#3 C:\AppServ\www\iservice\framework\base\CApplication.php(180): CWebApplication->processRequest()
#4 C:\AppServ\www\iservice\app\index.php(13): CApplication->run()
#5 {main}
REQUEST_URI=/iservice/app/index.php?r=Config/GroupSetting
HTTP_REFERER=http://localhost/iservice/app/index.php?r=Config/RepairTypeForm
---
2018/04/20 10:17:18 [error] [exception.CHttpException.404] exception 'CHttpException' with message 'The system is unable to find the requested action "ProjectType".' in C:\AppServ\www\iservice\framework\web\CController.php:483
Stack trace:
#0 C:\AppServ\www\iservice\framework\web\CController.php(270): CController->missingAction('ProjectType')
#1 C:\AppServ\www\iservice\framework\web\CWebApplication.php(282): CController->run('ProjectType')
#2 C:\AppServ\www\iservice\framework\web\CWebApplication.php(141): CWebApplication->runController('Config/ProjectT...')
#3 C:\AppServ\www\iservice\framework\base\CApplication.php(180): CWebApplication->processRequest()
#4 C:\AppServ\www\iservice\app\index.php(13): CApplication->run()
#5 {main}
REQUEST_URI=/iservice/app/index.php?r=Config/ProjectType
HTTP_REFERER=http://localhost/iservice/app/index.php?r=Config
---
2018/04/20 10:29:58 [error] [exception.CHttpException.404] exception 'CHttpException' with message 'The system is unable to find the requested action "ProjectTypeForm".' in C:\AppServ\www\iservice\framework\web\CController.php:483
Stack trace:
#0 C:\AppServ\www\iservice\framework\web\CController.php(270): CController->missingAction('ProjectTypeForm')
#1 C:\AppServ\www\iservice\framework\web\CWebApplication.php(282): CController->run('ProjectTypeForm')
#2 C:\AppServ\www\iservice\framework\web\CWebApplication.php(141): CWebApplication->runController('Config/ProjectT...')
#3 C:\AppServ\www\iservice\framework\base\CApplication.php(180): CWebApplication->processRequest()
#4 C:\AppServ\www\iservice\app\index.php(13): CApplication->run()
#5 {main}
REQUEST_URI=/iservice/app/index.php?r=Config/ProjectTypeForm
HTTP_REFERER=http://localhost/iservice/app/index.php?r=Config/ProjectType
---
2018/04/20 10:48:41 [error] [exception.CHttpException.404] exception 'CHttpException' with message 'The system is unable to find the requested action "DeviceType".' in C:\AppServ\www\iservice\framework\web\CController.php:483
Stack trace:
#0 C:\AppServ\www\iservice\framework\web\CController.php(270): CController->missingAction('DeviceType')
#1 C:\AppServ\www\iservice\framework\web\CWebApplication.php(282): CController->run('DeviceType')
#2 C:\AppServ\www\iservice\framework\web\CWebApplication.php(141): CWebApplication->runController('Config/DeviceTy...')
#3 C:\AppServ\www\iservice\framework\base\CApplication.php(180): CWebApplication->processRequest()
#4 C:\AppServ\www\iservice\app\index.php(13): CApplication->run()
#5 {main}
REQUEST_URI=/iservice/app/index.php?r=Config/DeviceType
HTTP_REFERER=http://localhost/iservice/app/index.php?r=Config/ProjectType
---
2018/04/20 10:52:25 [error] [exception.CHttpException.404] exception 'CHttpException' with message 'The system is unable to find the requested action "DeviceTypeForm".' in C:\AppServ\www\iservice\framework\web\CController.php:483
Stack trace:
#0 C:\AppServ\www\iservice\framework\web\CController.php(270): CController->missingAction('DeviceTypeForm')
#1 C:\AppServ\www\iservice\framework\web\CWebApplication.php(282): CController->run('DeviceTypeForm')
#2 C:\AppServ\www\iservice\framework\web\CWebApplication.php(141): CWebApplication->runController('Config/DeviceTy...')
#3 C:\AppServ\www\iservice\framework\base\CApplication.php(180): CWebApplication->processRequest()
#4 C:\AppServ\www\iservice\app\index.php(13): CApplication->run()
#5 {main}
REQUEST_URI=/iservice/app/index.php?r=Config/DeviceTypeForm
HTTP_REFERER=http://localhost/iservice/app/index.php?r=Config/DeviceType
---
2018/04/20 11:02:55 [error] [exception.CHttpException.404] exception 'CHttpException' with message 'The system is unable to find the requested action "GroupSetting".' in C:\AppServ\www\iservice\framework\web\CController.php:483
Stack trace:
#0 C:\AppServ\www\iservice\framework\web\CController.php(270): CController->missingAction('GroupSetting')
#1 C:\AppServ\www\iservice\framework\web\CWebApplication.php(282): CController->run('GroupSetting')
#2 C:\AppServ\www\iservice\framework\web\CWebApplication.php(141): CWebApplication->runController('Config/GroupSet...')
#3 C:\AppServ\www\iservice\framework\base\CApplication.php(180): CWebApplication->processRequest()
#4 C:\AppServ\www\iservice\app\index.php(13): CApplication->run()
#5 {main}
REQUEST_URI=/iservice/app/index.php?r=Config/GroupSetting
HTTP_REFERER=http://localhost/iservice/app/index.php?r=Config/RepairType
---
2018/04/20 11:03:04 [error] [exception.CHttpException.404] exception 'CHttpException' with message 'The system is unable to find the requested action "Employee".' in C:\AppServ\www\iservice\framework\web\CController.php:483
Stack trace:
#0 C:\AppServ\www\iservice\framework\web\CController.php(270): CController->missingAction('Employee')
#1 C:\AppServ\www\iservice\framework\web\CWebApplication.php(282): CController->run('Employee')
#2 C:\AppServ\www\iservice\framework\web\CWebApplication.php(141): CWebApplication->runController('Config/Employee')
#3 C:\AppServ\www\iservice\framework\base\CApplication.php(180): CWebApplication->processRequest()
#4 C:\AppServ\www\iservice\app\index.php(13): CApplication->run()
#5 {main}
REQUEST_URI=/iservice/app/index.php?r=Config/Employee
HTTP_REFERER=http://localhost/iservice/app/index.php?r=Config/ProjectType
---
2018/04/20 11:57:48 [error] [exception.CHttpException.404] exception 'CHttpException' with message 'The system is unable to find the requested action "GroupSetting".' in C:\AppServ\www\iservice\framework\web\CController.php:483
Stack trace:
#0 C:\AppServ\www\iservice\framework\web\CController.php(270): CController->missingAction('GroupSetting')
#1 C:\AppServ\www\iservice\framework\web\CWebApplication.php(282): CController->run('GroupSetting')
#2 C:\AppServ\www\iservice\framework\web\CWebApplication.php(141): CWebApplication->runController('Config/GroupSet...')
#3 C:\AppServ\www\iservice\framework\base\CApplication.php(180): CWebApplication->processRequest()
#4 C:\AppServ\www\iservice\app\index.php(13): CApplication->run()
#5 {main}
REQUEST_URI=/iservice/app/index.php?r=Config/GroupSetting
HTTP_REFERER=http://localhost/iservice/app/index.php?r=Config/ProjectType
---
2018/04/20 12:02:43 [error] [exception.CHttpException.404] exception 'CHttpException' with message 'The system is unable to find the requested action "GroupSettingForm".' in C:\AppServ\www\iservice\framework\web\CController.php:483
Stack trace:
#0 C:\AppServ\www\iservice\framework\web\CController.php(270): CController->missingAction('GroupSettingFor...')
#1 C:\AppServ\www\iservice\framework\web\CWebApplication.php(282): CController->run('GroupSettingFor...')
#2 C:\AppServ\www\iservice\framework\web\CWebApplication.php(141): CWebApplication->runController('Config/GroupSet...')
#3 C:\AppServ\www\iservice\framework\base\CApplication.php(180): CWebApplication->processRequest()
#4 C:\AppServ\www\iservice\app\index.php(13): CApplication->run()
#5 {main}
REQUEST_URI=/iservice/app/index.php?r=Config/GroupSettingForm
HTTP_REFERER=http://localhost/iservice/app/index.php?r=Config/GroupSetting
---
2018/04/20 12:06:10 [error] [exception.CHttpException.404] exception 'CHttpException' with message 'The system is unable to find the requested action "Group".' in C:\AppServ\www\iservice\framework\web\CController.php:483
Stack trace:
#0 C:\AppServ\www\iservice\framework\web\CController.php(270): CController->missingAction('Group')
#1 C:\AppServ\www\iservice\framework\web\CWebApplication.php(282): CController->run('Group')
#2 C:\AppServ\www\iservice\framework\web\CWebApplication.php(141): CWebApplication->runController('config/Group')
#3 C:\AppServ\www\iservice\framework\base\CApplication.php(180): CWebApplication->processRequest()
#4 C:\AppServ\www\iservice\app\index.php(13): CApplication->run()
#5 {main}
REQUEST_URI=/iservice/app/index.php?r=config/Group
HTTP_REFERER=http://localhost/iservice/app/index.php?r=Config/GroupSettingForm
---
2018/04/20 12:11:48 [error] [exception.CHttpException.404] exception 'CHttpException' with message 'The system is unable to find the requested action "Profile".' in C:\AppServ\www\iservice\framework\web\CController.php:483
Stack trace:
#0 C:\AppServ\www\iservice\framework\web\CController.php(270): CController->missingAction('Profile')
#1 C:\AppServ\www\iservice\framework\web\CWebApplication.php(282): CController->run('Profile')
#2 C:\AppServ\www\iservice\framework\web\CWebApplication.php(141): CWebApplication->runController('Member/Profile')
#3 C:\AppServ\www\iservice\framework\base\CApplication.php(180): CWebApplication->processRequest()
#4 C:\AppServ\www\iservice\app\index.php(13): CApplication->run()
#5 {main}
REQUEST_URI=/iservice/app/index.php?r=Member/Profile
HTTP_REFERER=http://localhost/iservice/app/index.php?r=Config
---
2018/04/20 12:12:00 [error] [exception.CHttpException.404] exception 'CHttpException' with message 'The system is unable to find the requested action "Profile".' in C:\AppServ\www\iservice\framework\web\CController.php:483
Stack trace:
#0 C:\AppServ\www\iservice\framework\web\CController.php(270): CController->missingAction('Profile')
#1 C:\AppServ\www\iservice\framework\web\CWebApplication.php(282): CController->run('Profile')
#2 C:\AppServ\www\iservice\framework\web\CWebApplication.php(141): CWebApplication->runController('Member/Profile')
#3 C:\AppServ\www\iservice\framework\base\CApplication.php(180): CWebApplication->processRequest()
#4 C:\AppServ\www\iservice\app\index.php(13): CApplication->run()
#5 {main}
REQUEST_URI=/iservice/app/index.php?r=Member/Profile
HTTP_REFERER=http://localhost/iservice/app/index.php?r=Config
---
2018/04/20 12:12:01 [error] [exception.CHttpException.404] exception 'CHttpException' with message 'The system is unable to find the requested action "Employee".' in C:\AppServ\www\iservice\framework\web\CController.php:483
Stack trace:
#0 C:\AppServ\www\iservice\framework\web\CController.php(270): CController->missingAction('Employee')
#1 C:\AppServ\www\iservice\framework\web\CWebApplication.php(282): CController->run('Employee')
#2 C:\AppServ\www\iservice\framework\web\CWebApplication.php(141): CWebApplication->runController('Config/Employee')
#3 C:\AppServ\www\iservice\framework\base\CApplication.php(180): CWebApplication->processRequest()
#4 C:\AppServ\www\iservice\app\index.php(13): CApplication->run()
#5 {main}
REQUEST_URI=/iservice/app/index.php?r=Config/Employee
HTTP_REFERER=http://localhost/iservice/app/index.php?r=Config
---
2018/04/20 12:14:45 [error] [exception.CHttpException.404] exception 'CHttpException' with message 'The system is unable to find the requested action "Employee".' in C:\AppServ\www\iservice\framework\web\CController.php:483
Stack trace:
#0 C:\AppServ\www\iservice\framework\web\CController.php(270): CController->missingAction('Employee')
#1 C:\AppServ\www\iservice\framework\web\CWebApplication.php(282): CController->run('Employee')
#2 C:\AppServ\www\iservice\framework\web\CWebApplication.php(141): CWebApplication->runController('Config/Employee')
#3 C:\AppServ\www\iservice\framework\base\CApplication.php(180): CWebApplication->processRequest()
#4 C:\AppServ\www\iservice\app\index.php(13): CApplication->run()
#5 {main}
REQUEST_URI=/iservice/app/index.php?r=Config/Employee
HTTP_REFERER=http://localhost/iservice/app/index.php?r=Config/DeviceType
---
2018/04/20 12:26:47 [error] [exception.CHttpException.404] exception 'CHttpException' with message 'The system is unable to find the requested action "Employee".' in C:\AppServ\www\iservice\framework\web\CController.php:483
Stack trace:
#0 C:\AppServ\www\iservice\framework\web\CController.php(270): CController->missingAction('Employee')
#1 C:\AppServ\www\iservice\framework\web\CWebApplication.php(282): CController->run('Employee')
#2 C:\AppServ\www\iservice\framework\web\CWebApplication.php(141): CWebApplication->runController('Config/Employee')
#3 C:\AppServ\www\iservice\framework\base\CApplication.php(180): CWebApplication->processRequest()
#4 C:\AppServ\www\iservice\app\index.php(13): CApplication->run()
#5 {main}
REQUEST_URI=/iservice/app/index.php?r=Config/Employee
HTTP_REFERER=http://localhost/iservice/app/index.php?r=Config
---
2018/04/20 12:39:07 [error] [exception.CException] exception 'CException' with message 'Property "CGridView.0" is not defined.' in C:\AppServ\www\iservice\framework\base\CComponent.php:173
Stack trace:
#0 C:\AppServ\www\iservice\framework\web\CWidgetFactory.php(161): CComponent->__set('0', Array)
#1 C:\AppServ\www\iservice\framework\web\CBaseController.php(146): CWidgetFactory->createWidget(Object(ConfigController), 'zii.widgets.gri...', Array)
#2 C:\AppServ\www\iservice\framework\web\CBaseController.php(172): CBaseController->createWidget('zii.widgets.gri...', Array)
#3 C:\AppServ\www\iservice\app\protected\views\config\Employee.php(37): CBaseController->widget('zii.widgets.gri...', Array)
#4 C:\AppServ\www\iservice\framework\web\CBaseController.php(126): require('C:\AppServ\www\...')
#5 C:\AppServ\www\iservice\framework\web\CBaseController.php(95): CBaseController->renderInternal('C:\AppServ\www\...', Array, true)
#6 C:\AppServ\www\iservice\framework\web\CController.php(869): CBaseController->renderFile('C:\AppServ\www\...', Array, true)
#7 C:\AppServ\www\iservice\framework\web\CController.php(782): CController->renderPartial('Employee', Array, true)
#8 C:\AppServ\www\iservice\app\protected\controllers\ConfigController.php(166): CController->render('Employee', Array)
#9 C:\AppServ\www\iservice\framework\web\actions\CInlineAction.php(49): ConfigController->actionEmployee()
#10 C:\AppServ\www\iservice\framework\web\CController.php(308): CInlineAction->runWithParams(Array)
#11 C:\AppServ\www\iservice\framework\web\CController.php(286): CController->runAction(Object(CInlineAction))
#12 C:\AppServ\www\iservice\framework\web\CController.php(265): CController->runActionWithFilters(Object(CInlineAction), Array)
#13 C:\AppServ\www\iservice\framework\web\CWebApplication.php(282): CController->run('Employee')
#14 C:\AppServ\www\iservice\framework\web\CWebApplication.php(141): CWebApplication->runController('Config/Employee')
#15 C:\AppServ\www\iservice\framework\base\CApplication.php(180): CWebApplication->processRequest()
#16 C:\AppServ\www\iservice\app\index.php(13): CApplication->run()
#17 {main}
REQUEST_URI=/iservice/app/index.php?r=Config/Employee
HTTP_REFERER=http://localhost/iservice/app/index.php?r=Config
---
2018/04/20 12:45:25 [error] [exception.CException] exception 'CException' with message 'Unknown type "hmtl".' in C:\AppServ\www\iservice\framework\utils\CFormatter.php:130
Stack trace:
#0 C:\AppServ\www\iservice\framework\zii\widgets\grid\CDataColumn.php(140): CFormatter->format('<a href="/iserv...', 'hmtl')
#1 C:\AppServ\www\iservice\framework\zii\widgets\grid\CGridColumn.php(151): CDataColumn->renderDataCellContent(0, Object(Employee))
#2 C:\AppServ\www\iservice\framework\zii\widgets\grid\CGridView.php(616): CGridColumn->renderDataCell(0)
#3 C:\AppServ\www\iservice\framework\zii\widgets\grid\CGridView.php(572): CGridView->renderTableRow(0)
#4 C:\AppServ\www\iservice\framework\zii\widgets\grid\CGridView.php(482): CGridView->renderTableBody()
#5 C:\AppServ\www\iservice\framework\zii\widgets\CBaseListView.php(167): CGridView->renderItems()
#6 [internal function]: CBaseListView->renderSection(Array)
#7 C:\AppServ\www\iservice\framework\zii\widgets\CBaseListView.php(150): preg_replace_callback('/{(\w+)}/', Array, '{summary}?{item...')
#8 C:\AppServ\www\iservice\framework\zii\widgets\CBaseListView.php(135): CBaseListView->renderContent()
#9 C:\AppServ\www\iservice\framework\web\CBaseController.php(173): CBaseListView->run()
#10 C:\AppServ\www\iservice\app\protected\views\config\Employee.php(46): CBaseController->widget('zii.widgets.gri...', Array)
#11 C:\AppServ\www\iservice\framework\web\CBaseController.php(126): require('C:\AppServ\www\...')
#12 C:\AppServ\www\iservice\framework\web\CBaseController.php(95): CBaseController->renderInternal('C:\AppServ\www\...', Array, true)
#13 C:\AppServ\www\iservice\framework\web\CController.php(869): CBaseController->renderFile('C:\AppServ\www\...', Array, true)
#14 C:\AppServ\www\iservice\framework\web\CController.php(782): CController->renderPartial('Employee', Array, true)
#15 C:\AppServ\www\iservice\app\protected\controllers\ConfigController.php(166): CController->render('Employee', Array)
#16 C:\AppServ\www\iservice\framework\web\actions\CInlineAction.php(49): ConfigController->actionEmployee()
#17 C:\AppServ\www\iservice\framework\web\CController.php(308): CInlineAction->runWithParams(Array)
#18 C:\AppServ\www\iservice\framework\web\CController.php(286): CController->runAction(Object(CInlineAction))
#19 C:\AppServ\www\iservice\framework\web\CController.php(265): CController->runActionWithFilters(Object(CInlineAction), Array)
#20 C:\AppServ\www\iservice\framework\web\CWebApplication.php(282): CController->run('Employee')
#21 C:\AppServ\www\iservice\framework\web\CWebApplication.php(141): CWebApplication->runController('Config/Employee')
#22 C:\AppServ\www\iservice\framework\base\CApplication.php(180): CWebApplication->processRequest()
#23 C:\AppServ\www\iservice\app\index.php(13): CApplication->run()
#24 {main}
REQUEST_URI=/iservice/app/index.php?r=Config/Employee
HTTP_REFERER=http://localhost/iservice/app/index.php?r=Config
---
2018/04/20 12:55:31 [error] [exception.CHttpException.404] exception 'CHttpException' with message 'The system is unable to find the requested action "EmployeeView".' in C:\AppServ\www\iservice\framework\web\CController.php:483
Stack trace:
#0 C:\AppServ\www\iservice\framework\web\CController.php(270): CController->missingAction('EmployeeView')
#1 C:\AppServ\www\iservice\framework\web\CWebApplication.php(282): CController->run('EmployeeView')
#2 C:\AppServ\www\iservice\framework\web\CWebApplication.php(141): CWebApplication->runController('Config/Employee...')
#3 C:\AppServ\www\iservice\framework\base\CApplication.php(180): CWebApplication->processRequest()
#4 C:\AppServ\www\iservice\app\index.php(13): CApplication->run()
#5 {main}
REQUEST_URI=/iservice/app/index.php?r=Config/EmployeeView&id=1
HTTP_REFERER=http://localhost/iservice/app/index.php?r=Config/Employee
---
2018/04/20 12:57:40 [error] [exception.CHttpException.404] exception 'CHttpException' with message 'The system is unable to find the requested action "EmployeeView".' in C:\AppServ\www\iservice\framework\web\CController.php:483
Stack trace:
#0 C:\AppServ\www\iservice\framework\web\CController.php(270): CController->missingAction('EmployeeView')
#1 C:\AppServ\www\iservice\framework\web\CWebApplication.php(282): CController->run('EmployeeView')
#2 C:\AppServ\www\iservice\framework\web\CWebApplication.php(141): CWebApplication->runController('Config/Employee...')
#3 C:\AppServ\www\iservice\framework\base\CApplication.php(180): CWebApplication->processRequest()
#4 C:\AppServ\www\iservice\app\index.php(13): CApplication->run()
#5 {main}
REQUEST_URI=/iservice/app/index.php?r=Config/EmployeeView&id=1
HTTP_REFERER=http://localhost/iservice/app/index.php?r=Config/Employee
---
2018/04/27 10:26:31 [error] [exception.CException] exception 'CException' with message 'Property "Group.group_sex" is not defined.' in C:\AppServ\www\iservice\framework\base\CComponent.php:130
Stack trace:
#0 C:\AppServ\www\iservice\framework\db\ar\CActiveRecord.php(145): CComponent->__get('group_sex')
#1 C:\AppServ\www\iservice\app\protected\views\config\EmployeeView.php(17): CActiveRecord->__get('group_sex')
#2 C:\AppServ\www\iservice\framework\web\CBaseController.php(126): require('C:\AppServ\www\...')
#3 C:\AppServ\www\iservice\framework\web\CBaseController.php(95): CBaseController->renderInternal('C:\AppServ\www\...', Array, true)
#4 C:\AppServ\www\iservice\framework\web\CController.php(869): CBaseController->renderFile('C:\AppServ\www\...', Array, true)
#5 C:\AppServ\www\iservice\framework\web\CController.php(782): CController->renderPartial('EmployeeView', Array, true)
#6 C:\AppServ\www\iservice\app\protected\controllers\ConfigController.php(173): CController->render('EmployeeView', Array)
#7 [internal function]: ConfigController->actionEmployeeView('1')
#8 C:\AppServ\www\iservice\framework\web\actions\CAction.php(108): ReflectionMethod->invokeArgs(Object(ConfigController), Array)
#9 C:\AppServ\www\iservice\framework\web\actions\CInlineAction.php(47): CAction->runWithParamsInternal(Object(ConfigController), Object(ReflectionMethod), Array)
#10 C:\AppServ\www\iservice\framework\web\CController.php(308): CInlineAction->runWithParams(Array)
#11 C:\AppServ\www\iservice\framework\web\CController.php(286): CController->runAction(Object(CInlineAction))
#12 C:\AppServ\www\iservice\framework\web\CController.php(265): CController->runActionWithFilters(Object(CInlineAction), Array)
#13 C:\AppServ\www\iservice\framework\web\CWebApplication.php(282): CController->run('EmployeeView')
#14 C:\AppServ\www\iservice\framework\web\CWebApplication.php(141): CWebApplication->runController('Config/Employee...')
#15 C:\AppServ\www\iservice\framework\base\CApplication.php(180): CWebApplication->processRequest()
#16 C:\AppServ\www\iservice\app\index.php(13): CApplication->run()
#17 {main}
REQUEST_URI=/iservice/app/index.php?r=Config/EmployeeView&id=1
HTTP_REFERER=http://localhost/iservice/app/index.php?r=Config/Employee
---
2018/04/27 10:55:41 [error] [exception.CHttpException.404] exception 'CHttpException' with message 'The system is unable to find the requested action "Register".' in C:\AppServ\www\iservice\framework\web\CController.php:483
Stack trace:
#0 C:\AppServ\www\iservice\framework\web\CController.php(270): CController->missingAction('Register')
#1 C:\AppServ\www\iservice\framework\web\CWebApplication.php(282): CController->run('Register')
#2 C:\AppServ\www\iservice\framework\web\CWebApplication.php(141): CWebApplication->runController('Member/Register')
#3 C:\AppServ\www\iservice\framework\base\CApplication.php(180): CWebApplication->processRequest()
#4 C:\AppServ\www\iservice\app\index.php(13): CApplication->run()
#5 {main}
REQUEST_URI=/iservice/app/index.php?r=Member/Register&id=1
HTTP_REFERER=http://localhost/iservice/app/index.php?r=Config/Employee
---
2018/04/27 10:57:31 [error] [exception.CHttpException.404] exception 'CHttpException' with message 'The system is unable to find the requested action "Register".' in C:\AppServ\www\iservice\framework\web\CController.php:483
Stack trace:
#0 C:\AppServ\www\iservice\framework\web\CController.php(270): CController->missingAction('Register')
#1 C:\AppServ\www\iservice\framework\web\CWebApplication.php(282): CController->run('Register')
#2 C:\AppServ\www\iservice\framework\web\CWebApplication.php(141): CWebApplication->runController('Member/Register')
#3 C:\AppServ\www\iservice\framework\base\CApplication.php(180): CWebApplication->processRequest()
#4 C:\AppServ\www\iservice\app\index.php(13): CApplication->run()
#5 {main}
REQUEST_URI=/iservice/app/index.php?r=Member/Register
HTTP_REFERER=http://localhost/iservice/app/index.php?r=Config/Employee
---
2018/04/27 11:15:42 [error] [exception.CHttpException.404] exception 'CHttpException' with message 'Unable to resolve the request "Home/RequestForm".' in C:\AppServ\www\iservice\framework\web\CWebApplication.php:286
Stack trace:
#0 C:\AppServ\www\iservice\framework\web\CWebApplication.php(141): CWebApplication->runController('Home/RequestFor...')
#1 C:\AppServ\www\iservice\framework\base\CApplication.php(180): CWebApplication->processRequest()
#2 C:\AppServ\www\iservice\app\index.php(13): CApplication->run()
#3 {main}
REQUEST_URI=/iservice/app/index.php?r=Home/RequestForm
HTTP_REFERER=http://localhost/iservice/app/index.php?r=Config/DeviceTypeForm
---
2018/04/27 11:35:15 [error] [exception.CException] exception 'CException' with message 'Property "Employee.group_name" is not defined.' in C:\AppServ\www\iservice\framework\base\CComponent.php:130
Stack trace:
#0 C:\AppServ\www\iservice\framework\db\ar\CActiveRecord.php(145): CComponent->__get('group_name')
#1 C:\AppServ\www\iservice\framework\web\helpers\CHtml.php(2529): CActiveRecord->__get('group_name')
#2 C:\AppServ\www\iservice\framework\web\helpers\CHtml.php(1802): CHtml::resolveValue(Object(Employee), 'group_name')
#3 C:\AppServ\www\iservice\framework\web\widgets\CActiveForm.php(847): CHtml::activeDropDownList(Object(Employee), 'group_name', Array, Array)
#4 C:\AppServ\www\iservice\app\protected\views\Member\register.php(22): CActiveForm->dropDownList(Object(Employee), 'group_name', Array)
#5 C:\AppServ\www\iservice\framework\web\CBaseController.php(126): require('C:\AppServ\www\...')
#6 C:\AppServ\www\iservice\framework\web\CBaseController.php(95): CBaseController->renderInternal('C:\AppServ\www\...', Array, true)
#7 C:\AppServ\www\iservice\framework\web\CController.php(869): CBaseController->renderFile('C:\AppServ\www\...', Array, true)
#8 C:\AppServ\www\iservice\framework\web\CController.php(782): CController->renderPartial('register', Array, true)
#9 C:\AppServ\www\iservice\app\protected\controllers\MemberController.php(57): CController->render('register', Array)
#10 [internal function]: MemberController->actionRegister(NULL)
#11 C:\AppServ\www\iservice\framework\web\actions\CAction.php(108): ReflectionMethod->invokeArgs(Object(MemberController), Array)
#12 C:\AppServ\www\iservice\framework\web\actions\CInlineAction.php(47): CAction->runWithParamsInternal(Object(MemberController), Object(ReflectionMethod), Array)
#13 C:\AppServ\www\iservice\framework\web\CController.php(308): CInlineAction->runWithParams(Array)
#14 C:\AppServ\www\iservice\framework\web\CController.php(286): CController->runAction(Object(CInlineAction))
#15 C:\AppServ\www\iservice\framework\web\CController.php(265): CController->runActionWithFilters(Object(CInlineAction), Array)
#16 C:\AppServ\www\iservice\framework\web\CWebApplication.php(282): CController->run('Register')
#17 C:\AppServ\www\iservice\framework\web\CWebApplication.php(141): CWebApplication->runController('Member/Register')
#18 C:\AppServ\www\iservice\framework\base\CApplication.php(180): CWebApplication->processRequest()
#19 C:\AppServ\www\iservice\app\index.php(13): CApplication->run()
#20 {main}
REQUEST_URI=/iservice/app/index.php?r=Member/Register
HTTP_REFERER=http://localhost/iservice/app/index.php?r=Config/Employee
---
2018/04/27 11:35:35 [error] [exception.CException] exception 'CException' with message 'Property "Employee.Group.group_name" is not defined.' in C:\AppServ\www\iservice\framework\base\CComponent.php:130
Stack trace:
#0 C:\AppServ\www\iservice\framework\db\ar\CActiveRecord.php(145): CComponent->__get('Group.group_nam...')
#1 C:\AppServ\www\iservice\framework\web\helpers\CHtml.php(2529): CActiveRecord->__get('Group.group_nam...')
#2 C:\AppServ\www\iservice\framework\web\helpers\CHtml.php(1802): CHtml::resolveValue(Object(Employee), 'Group.group_nam...')
#3 C:\AppServ\www\iservice\framework\web\widgets\CActiveForm.php(847): CHtml::activeDropDownList(Object(Employee), 'Group.group_nam...', Array, Array)
#4 C:\AppServ\www\iservice\app\protected\views\Member\register.php(22): CActiveForm->dropDownList(Object(Employee), 'Group.group_nam...', Array)
#5 C:\AppServ\www\iservice\framework\web\CBaseController.php(126): require('C:\AppServ\www\...')
#6 C:\AppServ\www\iservice\framework\web\CBaseController.php(95): CBaseController->renderInternal('C:\AppServ\www\...', Array, true)
#7 C:\AppServ\www\iservice\framework\web\CController.php(869): CBaseController->renderFile('C:\AppServ\www\...', Array, true)
#8 C:\AppServ\www\iservice\framework\web\CController.php(782): CController->renderPartial('register', Array, true)
#9 C:\AppServ\www\iservice\app\protected\controllers\MemberController.php(57): CController->render('register', Array)
#10 [internal function]: MemberController->actionRegister(NULL)
#11 C:\AppServ\www\iservice\framework\web\actions\CAction.php(108): ReflectionMethod->invokeArgs(Object(MemberController), Array)
#12 C:\AppServ\www\iservice\framework\web\actions\CInlineAction.php(47): CAction->runWithParamsInternal(Object(MemberController), Object(ReflectionMethod), Array)
#13 C:\AppServ\www\iservice\framework\web\CController.php(308): CInlineAction->runWithParams(Array)
#14 C:\AppServ\www\iservice\framework\web\CController.php(286): CController->runAction(Object(CInlineAction))
#15 C:\AppServ\www\iservice\framework\web\CController.php(265): CController->runActionWithFilters(Object(CInlineAction), Array)
#16 C:\AppServ\www\iservice\framework\web\CWebApplication.php(282): CController->run('Register')
#17 C:\AppServ\www\iservice\framework\web\CWebApplication.php(141): CWebApplication->runController('Member/Register')
#18 C:\AppServ\www\iservice\framework\base\CApplication.php(180): CWebApplication->processRequest()
#19 C:\AppServ\www\iservice\app\index.php(13): CApplication->run()
#20 {main}
REQUEST_URI=/iservice/app/index.php?r=Member/Register
HTTP_REFERER=http://localhost/iservice/app/index.php?r=Config/Employee
---
2018/04/27 11:38:43 [error] [exception.CException] exception 'CException' with message 'Property "Employee.NOW()" is not defined.' in C:\AppServ\www\iservice\framework\base\CComponent.php:130
Stack trace:
#0 C:\AppServ\www\iservice\framework\db\ar\CActiveRecord.php(145): CComponent->__get('NOW()')
#1 C:\AppServ\www\iservice\framework\web\helpers\CHtml.php(2529): CActiveRecord->__get('NOW()')
#2 C:\AppServ\www\iservice\framework\web\helpers\CHtml.php(2252): CHtml::resolveValue(Object(Employee), Object(CDbExpression))
#3 C:\AppServ\www\iservice\framework\web\helpers\CHtml.php(1609): CHtml::activeInputField('hidden', Object(Employee), Object(CDbExpression), Array)
#4 C:\AppServ\www\iservice\framework\web\widgets\CActiveForm.php(756): CHtml::activeHiddenField(Object(Employee), Object(CDbExpression), Array)
#5 C:\AppServ\www\iservice\app\protected\views\Member\register.php(62): CActiveForm->hiddenField(Object(Employee), Object(CDbExpression))
#6 C:\AppServ\www\iservice\framework\web\CBaseController.php(126): require('C:\AppServ\www\...')
#7 C:\AppServ\www\iservice\framework\web\CBaseController.php(95): CBaseController->renderInternal('C:\AppServ\www\...', Array, true)
#8 C:\AppServ\www\iservice\framework\web\CController.php(869): CBaseController->renderFile('C:\AppServ\www\...', Array, true)
#9 C:\AppServ\www\iservice\framework\web\CController.php(782): CController->renderPartial('register', Array, true)
#10 C:\AppServ\www\iservice\app\protected\controllers\MemberController.php(57): CController->render('register', Array)
#11 [internal function]: MemberController->actionRegister(NULL)
#12 C:\AppServ\www\iservice\framework\web\actions\CAction.php(108): ReflectionMethod->invokeArgs(Object(MemberController), Array)
#13 C:\AppServ\www\iservice\framework\web\actions\CInlineAction.php(47): CAction->runWithParamsInternal(Object(MemberController), Object(ReflectionMethod), Array)
#14 C:\AppServ\www\iservice\framework\web\CController.php(308): CInlineAction->runWithParams(Array)
#15 C:\AppServ\www\iservice\framework\web\CController.php(286): CController->runAction(Object(CInlineAction))
#16 C:\AppServ\www\iservice\framework\web\CController.php(265): CController->runActionWithFilters(Object(CInlineAction), Array)
#17 C:\AppServ\www\iservice\framework\web\CWebApplication.php(282): CController->run('Register')
#18 C:\AppServ\www\iservice\framework\web\CWebApplication.php(141): CWebApplication->runController('Member/Register')
#19 C:\AppServ\www\iservice\framework\base\CApplication.php(180): CWebApplication->processRequest()
#20 C:\AppServ\www\iservice\app\index.php(13): CApplication->run()
#21 {main}
REQUEST_URI=/iservice/app/index.php?r=Member/Register
HTTP_REFERER=http://localhost/iservice/app/index.php?r=Config/Employee
---
2018/04/27 12:22:20 [error] [php] Cannot use a scalar value as an array (C:\AppServ\www\iservice\framework\web\helpers\CHtml.php:2458)
Stack trace:
#0 C:\AppServ\www\iservice\app\protected\views\Member\register.php(26): CActiveForm->radioButton()
#1 C:\AppServ\www\iservice\framework\web\CBaseController.php(126): require()
#2 C:\AppServ\www\iservice\framework\web\CBaseController.php(95): MemberController->renderInternal()
#3 C:\AppServ\www\iservice\framework\web\CController.php(869): MemberController->renderFile()
#4 C:\AppServ\www\iservice\framework\web\CController.php(782): MemberController->renderPartial()
#5 C:\AppServ\www\iservice\app\protected\controllers\MemberController.php(57): MemberController->render()
#6 unknown(0): MemberController->actionRegister()
#7 C:\AppServ\www\iservice\framework\web\actions\CAction.php(108): ReflectionMethod->invokeArgs()
#8 C:\AppServ\www\iservice\framework\web\actions\CInlineAction.php(47): CInlineAction->runWithParamsInternal()
#9 C:\AppServ\www\iservice\framework\web\CController.php(308): CInlineAction->runWithParams()
#10 C:\AppServ\www\iservice\framework\web\CController.php(286): MemberController->runAction()
#11 C:\AppServ\www\iservice\framework\web\CController.php(265): MemberController->runActionWithFilters()
#12 C:\AppServ\www\iservice\framework\web\CWebApplication.php(282): MemberController->run()
#13 C:\AppServ\www\iservice\framework\web\CWebApplication.php(141): CWebApplication->runController()
#14 C:\AppServ\www\iservice\framework\base\CApplication.php(180): CWebApplication->processRequest()
#15 C:\AppServ\www\iservice\app\index.php(13): CWebApplication->run()
REQUEST_URI=/iservice/app/index.php?r=Member/Register
in C:\AppServ\www\iservice\app\protected\views\Member\register.php (26)
in C:\AppServ\www\iservice\app\protected\controllers\MemberController.php (57)
in C:\AppServ\www\iservice\app\index.php (13)
2018/04/27 12:30:36 [error] [exception.CException] exception 'CException' with message 'Property "Employee.m" is not defined.' in C:\AppServ\www\iservice\framework\base\CComponent.php:130
Stack trace:
#0 C:\AppServ\www\iservice\framework\db\ar\CActiveRecord.php(145): CComponent->__get('m')
#1 C:\AppServ\www\iservice\framework\web\helpers\CHtml.php(2529): CActiveRecord->__get('m')
#2 C:\AppServ\www\iservice\framework\web\helpers\CHtml.php(1953): CHtml::resolveValue(Object(Employee), 'm')
#3 C:\AppServ\www\iservice\framework\web\widgets\CActiveForm.php(895): CHtml::activeRadioButtonList(Object(Employee), 'm', Array, Array)
#4 C:\AppServ\www\iservice\app\protected\views\Member\register.php(26): CActiveForm->radioButtonList(Object(Employee), 'm', Array, Array)
#5 C:\AppServ\www\iservice\framework\web\CBaseController.php(126): require('C:\AppServ\www\...')
#6 C:\AppServ\www\iservice\framework\web\CBaseController.php(95): CBaseController->renderInternal('C:\AppServ\www\...', Array, true)
#7 C:\AppServ\www\iservice\framework\web\CController.php(869): CBaseController->renderFile('C:\AppServ\www\...', Array, true)
#8 C:\AppServ\www\iservice\framework\web\CController.php(782): CController->renderPartial('register', Array, true)
#9 C:\AppServ\www\iservice\app\protected\controllers\MemberController.php(57): CController->render('register', Array)
#10 [internal function]: MemberController->actionRegister(NULL)
#11 C:\AppServ\www\iservice\framework\web\actions\CAction.php(108): ReflectionMethod->invokeArgs(Object(MemberController), Array)
#12 C:\AppServ\www\iservice\framework\web\actions\CInlineAction.php(47): CAction->runWithParamsInternal(Object(MemberController), Object(ReflectionMethod), Array)
#13 C:\AppServ\www\iservice\framework\web\CController.php(308): CInlineAction->runWithParams(Array)
#14 C:\AppServ\www\iservice\framework\web\CController.php(286): CController->runAction(Object(CInlineAction))
#15 C:\AppServ\www\iservice\framework\web\CController.php(265): CController->runActionWithFilters(Object(CInlineAction), Array)
#16 C:\AppServ\www\iservice\framework\web\CWebApplication.php(282): CController->run('Register')
#17 C:\AppServ\www\iservice\framework\web\CWebApplication.php(141): CWebApplication->runController('Member/Register')
#18 C:\AppServ\www\iservice\framework\base\CApplication.php(180): CWebApplication->processRequest()
#19 C:\AppServ\www\iservice\app\index.php(13): CApplication->run()
#20 {main}
REQUEST_URI=/iservice/app/index.php?r=Member/Register
HTTP_REFERER=http://localhost/iservice/app/index.php?r=Config/Employee
---
2018/04/27 12:55:44 [error] [exception.CHttpException.404] exception 'CHttpException' with message 'Unable to resolve the request "Home/RequestForm".' in C:\AppServ\www\iservice\framework\web\CWebApplication.php:286
Stack trace:
#0 C:\AppServ\www\iservice\framework\web\CWebApplication.php(141): CWebApplication->runController('Home/RequestFor...')
#1 C:\AppServ\www\iservice\framework\base\CApplication.php(180): CWebApplication->processRequest()
#2 C:\AppServ\www\iservice\app\index.php(13): CApplication->run()
#3 {main}
REQUEST_URI=/iservice/app/index.php?r=Home/RequestForm
HTTP_REFERER=http://localhost/iservice/app/index.php?r=Member/Register
---
2018/05/04 10:35:58 [error] [exception.CHttpException.404] exception 'CHttpException' with message 'The system is unable to find the requested action "RequestForm".' in C:\AppServ\www\iservice\framework\web\CController.php:483
Stack trace:
#0 C:\AppServ\www\iservice\framework\web\CController.php(270): CController->missingAction('RequestForm')
#1 C:\AppServ\www\iservice\framework\web\CWebApplication.php(282): CController->run('RequestForm')
#2 C:\AppServ\www\iservice\framework\web\CWebApplication.php(141): CWebApplication->runController('Home/RequestFor...')
#3 C:\AppServ\www\iservice\framework\base\CApplication.php(180): CWebApplication->processRequest()
#4 C:\AppServ\www\iservice\app\index.php(13): CApplication->run()
#5 {main}
REQUEST_URI=/iservice/app/index.php?r=Home/RequestForm
HTTP_REFERER=http://localhost/iservice/app/index.php?r=Config/Employee
---
2018/05/04 10:38:11 [error] [exception.CHttpException.404] exception 'CHttpException' with message 'The system is unable to find the requested action "RequestForm".' in C:\AppServ\www\iservice\framework\web\CController.php:483
Stack trace:
#0 C:\AppServ\www\iservice\framework\web\CController.php(270): CController->missingAction('RequestForm')
#1 C:\AppServ\www\iservice\framework\web\CWebApplication.php(282): CController->run('RequestForm')
#2 C:\AppServ\www\iservice\framework\web\CWebApplication.php(141): CWebApplication->runController('Home/RequestFor...')
#3 C:\AppServ\www\iservice\framework\base\CApplication.php(180): CWebApplication->processRequest()
#4 C:\AppServ\www\iservice\app\index.php(13): CApplication->run()
#5 {main}
REQUEST_URI=/iservice/app/index.php?r=Home/RequestForm
HTTP_REFERER=http://localhost/iservice/app/index.php?r=Home
---
2018/05/04 10:45:45 [error] [exception.CHttpException.404] exception 'CHttpException' with message 'The system is unable to find the requested action "RequestForm".' in C:\AppServ\www\iservice\framework\web\CController.php:483
Stack trace:
#0 C:\AppServ\www\iservice\framework\web\CController.php(270): CController->missingAction('RequestForm')
#1 C:\AppServ\www\iservice\framework\web\CWebApplication.php(282): CController->run('RequestForm')
#2 C:\AppServ\www\iservice\framework\web\CWebApplication.php(141): CWebApplication->runController('Home/RequestFor...')
#3 C:\AppServ\www\iservice\framework\base\CApplication.php(180): CWebApplication->processRequest()
#4 C:\AppServ\www\iservice\app\index.php(13): CApplication->run()
#5 {main}
REQUEST_URI=/iservice/app/index.php?r=Home/RequestForm
HTTP_REFERER=http://localhost/iservice/app/index.php?r=Home
---
2018/05/04 10:54:15 [error] [exception.CException] exception 'CException' with message 'HomeController cannot find the requested view "RequestForm".' in C:\AppServ\www\iservice\framework\web\CController.php:878
Stack trace:
#0 C:\AppServ\www\iservice\framework\web\CController.php(782): CController->renderPartial('RequestForm', Array, true)
#1 C:\AppServ\www\iservice\app\protected\controllers\HomeController.php(29): CController->render('RequestForm', Array)
#2 [internal function]: HomeController->actionRequestForm(NULL)
#3 C:\AppServ\www\iservice\framework\web\actions\CAction.php(108): ReflectionMethod->invokeArgs(Object(HomeController), Array)
#4 C:\AppServ\www\iservice\framework\web\actions\CInlineAction.php(47): CAction->runWithParamsInternal(Object(HomeController), Object(ReflectionMethod), Array)
#5 C:\AppServ\www\iservice\framework\web\CController.php(308): CInlineAction->runWithParams(Array)
#6 C:\AppServ\www\iservice\framework\web\CController.php(286): CController->runAction(Object(CInlineAction))
#7 C:\AppServ\www\iservice\framework\web\CController.php(265): CController->runActionWithFilters(Object(CInlineAction), Array)
#8 C:\AppServ\www\iservice\framework\web\CWebApplication.php(282): CController->run('RequestForm')
#9 C:\AppServ\www\iservice\framework\web\CWebApplication.php(141): CWebApplication->runController('Home/RequestFor...')
#10 C:\AppServ\www\iservice\framework\base\CApplication.php(180): CWebApplication->processRequest()
#11 C:\AppServ\www\iservice\app\index.php(13): CApplication->run()
#12 {main}
REQUEST_URI=/iservice/app/index.php?r=Home/RequestForm
HTTP_REFERER=http://localhost/iservice/app/index.php?r=Home/Index
---
2018/05/04 11:13:57 [error] [exception.CException] exception 'CException' with message 'HomeController contains improperly nested widget tags in its view "C:\AppServ\www\iservice\app\protected\views\home\RequestForm.php". A CActiveForm widget does not have an endWidget() call.' in C:\AppServ\www\iservice\framework\web\CBaseController.php:101
Stack trace:
#0 C:\AppServ\www\iservice\framework\web\CController.php(869): CBaseController->renderFile('C:\AppServ\www\...', Array, true)
#1 C:\AppServ\www\iservice\framework\web\CController.php(782): CController->renderPartial('RequestForm', Array, true)
#2 C:\AppServ\www\iservice\app\protected\controllers\HomeController.php(29): CController->render('RequestForm', Array)
#3 [internal function]: HomeController->actionRequestForm(NULL)
#4 C:\AppServ\www\iservice\framework\web\actions\CAction.php(108): ReflectionMethod->invokeArgs(Object(HomeController), Array)
#5 C:\AppServ\www\iservice\framework\web\actions\CInlineAction.php(47): CAction->runWithParamsInternal(Object(HomeController), Object(ReflectionMethod), Array)
#6 C:\AppServ\www\iservice\framework\web\CController.php(308): CInlineAction->runWithParams(Array)
#7 C:\AppServ\www\iservice\framework\web\CController.php(286): CController->runAction(Object(CInlineAction))
#8 C:\AppServ\www\iservice\framework\web\CController.php(265): CController->runActionWithFilters(Object(CInlineAction), Array)
#9 C:\AppServ\www\iservice\framework\web\CWebApplication.php(282): CController->run('RequestForm')
#10 C:\AppServ\www\iservice\framework\web\CWebApplication.php(141): CWebApplication->runController('Home/RequestFor...')
#11 C:\AppServ\www\iservice\framework\base\CApplication.php(180): CWebApplication->processRequest()
#12 C:\AppServ\www\iservice\app\index.php(13): CApplication->run()
#13 {main}
REQUEST_URI=/iservice/app/index.php?r=Home/RequestForm
HTTP_REFERER=http://localhost/iservice/app/index.php?r=Home/Index
---
2018/05/04 11:21:49 [error] [exception.CHttpException.404] exception 'CHttpException' with message 'The system is unable to find the requested action "RequestHistory".' in C:\AppServ\www\iservice\framework\web\CController.php:483
Stack trace:
#0 C:\AppServ\www\iservice\framework\web\CController.php(270): CController->missingAction('RequestHistory')
#1 C:\AppServ\www\iservice\framework\web\CWebApplication.php(282): CController->run('RequestHistory')
#2 C:\AppServ\www\iservice\framework\web\CWebApplication.php(141): CWebApplication->runController('home/RequestHis...')
#3 C:\AppServ\www\iservice\framework\base\CApplication.php(180): CWebApplication->processRequest()
#4 C:\AppServ\www\iservice\app\index.php(13): CApplication->run()
#5 {main}
REQUEST_URI=/iservice/app/index.php?r=home/RequestHistory
HTTP_REFERER=http://localhost/iservice/app/index.php?r=Home/RequestForm
---
2018/05/04 11:24:01 [error] [exception.CHttpException.404] exception 'CHttpException' with message 'The system is unable to find the requested action "RequestHistory".' in C:\AppServ\www\iservice\framework\web\CController.php:483
Stack trace:
#0 C:\AppServ\www\iservice\framework\web\CController.php(270): CController->missingAction('RequestHistory')
#1 C:\AppServ\www\iservice\framework\web\CWebApplication.php(282): CController->run('RequestHistory')
#2 C:\AppServ\www\iservice\framework\web\CWebApplication.php(141): CWebApplication->runController('Home/RequestHis...')
#3 C:\AppServ\www\iservice\framework\base\CApplication.php(180): CWebApplication->processRequest()
#4 C:\AppServ\www\iservice\app\index.php(13): CApplication->run()
#5 {main}
REQUEST_URI=/iservice/app/index.php?r=Home/RequestHistory
HTTP_REFERER=http://localhost/iservice/app/index.php?r=Home/Index
---
2018/05/04 12:00:53 [error] [exception.CHttpException.404] exception 'CHttpException' with message 'The system is unable to find the requested action "Profile".' in C:\AppServ\www\iservice\framework\web\CController.php:483
Stack trace:
#0 C:\AppServ\www\iservice\framework\web\CController.php(270): CController->missingAction('Profile')
#1 C:\AppServ\www\iservice\framework\web\CWebApplication.php(282): CController->run('Profile')
#2 C:\AppServ\www\iservice\framework\web\CWebApplication.php(141): CWebApplication->runController('Member/Profile')
#3 C:\AppServ\www\iservice\framework\base\CApplication.php(180): CWebApplication->processRequest()
#4 C:\AppServ\www\iservice\app\index.php(13): CApplication->run()
#5 {main}
REQUEST_URI=/iservice/app/index.php?r=Member/Profile
HTTP_REFERER=http://localhost/iservice/app/index.php?r=Home/Index
---
2018/05/04 12:00:56 [error] [exception.CHttpException.404] exception 'CHttpException' with message 'Unable to resolve the request "Report/Repair".' in C:\AppServ\www\iservice\framework\web\CWebApplication.php:286
Stack trace:
#0 C:\AppServ\www\iservice\framework\web\CWebApplication.php(141): CWebApplication->runController('Report/Repair')
#1 C:\AppServ\www\iservice\framework\base\CApplication.php(180): CWebApplication->processRequest()
#2 C:\AppServ\www\iservice\app\index.php(13): CApplication->run()
#3 {main}
REQUEST_URI=/iservice/app/index.php?r=Report/Repair
HTTP_REFERER=http://localhost/iservice/app/index.php?r=Member/Profile
---
2018/05/04 12:33:19 [error] [exception.CHttpException.404] exception 'CHttpException' with message 'The system is unable to find the requested action "RequestHistoryForm".' in C:\AppServ\www\iservice\framework\web\CController.php:483
Stack trace:
#0 C:\AppServ\www\iservice\framework\web\CController.php(270): CController->missingAction('RequestHistoryF...')
#1 C:\AppServ\www\iservice\framework\web\CWebApplication.php(282): CController->run('RequestHistoryF...')
#2 C:\AppServ\www\iservice\framework\web\CWebApplication.php(141): CWebApplication->runController('Home/RequestHis...')
#3 C:\AppServ\www\iservice\framework\base\CApplication.php(180): CWebApplication->processRequest()
#4 C:\AppServ\www\iservice\app\index.php(13): CApplication->run()
#5 {main}
REQUEST_URI=/iservice/app/index.php?r=Home/RequestHistoryForm&id=1
HTTP_REFERER=http://localhost/iservice/app/index.php?r=home/RequestHistory
---
2018/05/04 12:55:19 [error] [exception.CException] exception 'CException' with message 'Property "Request.request_repair_detail_work" is not defined.' in C:\AppServ\www\iservice\framework\base\CComponent.php:130
Stack trace:
#0 C:\AppServ\www\iservice\framework\db\ar\CActiveRecord.php(145): CComponent->__get('request_repair_...')
#1 C:\AppServ\www\iservice\framework\web\helpers\CHtml.php(2529): CActiveRecord->__get('request_repair_...')
#2 C:\AppServ\www\iservice\framework\web\helpers\CHtml.php(1654): CHtml::resolveValue(Object(Request), 'request_repair_...')
#3 C:\AppServ\www\iservice\framework\web\widgets\CActiveForm.php(786): CHtml::activeTextArea(Object(Request), 'request_repair_...', Array)
#4 C:\AppServ\www\iservice\app\protected\views\home\RequestHistoryForm.php(78): CActiveForm->textArea(Object(Request), 'request_repair_...', Array)
#5 C:\AppServ\www\iservice\framework\web\CBaseController.php(126): require('C:\AppServ\www\...')
#6 C:\AppServ\www\iservice\framework\web\CBaseController.php(95): CBaseController->renderInternal('C:\AppServ\www\...', Array, true)
#7 C:\AppServ\www\iservice\framework\web\CController.php(869): CBaseController->renderFile('C:\AppServ\www\...', Array, true)
#8 C:\AppServ\www\iservice\framework\web\CController.php(782): CController->renderPartial('RequestHistoryF...', Array, true)
#9 C:\AppServ\www\iservice\app\protected\controllers\HomeController.php(43): CController->render('RequestHistoryF...', Array)
#10 [internal function]: HomeController->actionRequestHistoryForm('1')
#11 C:\AppServ\www\iservice\framework\web\actions\CAction.php(108): ReflectionMethod->invokeArgs(Object(HomeController), Array)
#12 C:\AppServ\www\iservice\framework\web\actions\CInlineAction.php(47): CAction->runWithParamsInternal(Object(HomeController), Object(ReflectionMethod), Array)
#13 C:\AppServ\www\iservice\framework\web\CController.php(308): CInlineAction->runWithParams(Array)
#14 C:\AppServ\www\iservice\framework\web\CController.php(286): CController->runAction(Object(CInlineAction))
#15 C:\AppServ\www\iservice\framework\web\CController.php(265): CController->runActionWithFilters(Object(CInlineAction), Array)
#16 C:\AppServ\www\iservice\framework\web\CWebApplication.php(282): CController->run('RequestHistoryF...')
#17 C:\AppServ\www\iservice\framework\web\CWebApplication.php(141): CWebApplication->runController('Home/RequestHis...')
#18 C:\AppServ\www\iservice\framework\base\CApplication.php(180): CWebApplication->processRequest()
#19 C:\AppServ\www\iservice\app\index.php(13): CApplication->run()
#20 {main}
REQUEST_URI=/iservice/app/index.php?r=Home/RequestHistoryForm&id=1
HTTP_REFERER=http://localhost/iservice/app/index.php?r=home/RequestHistory
---
2018/05/11 10:16:30 [error] [exception.CHttpException.404] exception 'CHttpException' with message 'The system is unable to find the requested action "DeviceList".' in C:\AppServ\www\iservice\framework\web\CController.php:483
Stack trace:
#0 C:\AppServ\www\iservice\framework\web\CController.php(270): CController->missingAction('DeviceList')
#1 C:\AppServ\www\iservice\framework\web\CWebApplication.php(282): CController->run('DeviceList')
#2 C:\AppServ\www\iservice\framework\web\CWebApplication.php(141): CWebApplication->runController('Home/DeviceList')
#3 C:\AppServ\www\iservice\framework\base\CApplication.php(180): CWebApplication->processRequest()
#4 C:\AppServ\www\iservice\app\index.php(13): CApplication->run()
#5 {main}
REQUEST_URI=/iservice/app/index.php?r=Home/DeviceList
HTTP_REFERER=http://localhost/iservice/app/index.php?r=Home/RequestHistory
---
2018/05/11 10:16:33 [error] [exception.CHttpException.404] exception 'CHttpException' with message 'The system is unable to find the requested action "RequestRepairEnd".' in C:\AppServ\www\iservice\framework\web\CController.php:483
Stack trace:
#0 C:\AppServ\www\iservice\framework\web\CController.php(270): CController->missingAction('RequestRepairEn...')
#1 C:\AppServ\www\iservice\framework\web\CWebApplication.php(282): CController->run('RequestRepairEn...')
#2 C:\AppServ\www\iservice\framework\web\CWebApplication.php(141): CWebApplication->runController('Home/RequestRep...')
#3 C:\AppServ\www\iservice\framework\base\CApplication.php(180): CWebApplication->processRequest()
#4 C:\AppServ\www\iservice\app\index.php(13): CApplication->run()
#5 {main}
REQUEST_URI=/iservice/app/index.php?r=Home/RequestRepairEnd
HTTP_REFERER=http://localhost/iservice/app/index.php?r=Home/RequestHistory
---
2018/05/11 10:26:21 [error] [exception.CHttpException.404] exception 'CHttpException' with message 'The system is unable to find the requested action "DeviceList".' in C:\AppServ\www\iservice\framework\web\CController.php:483
Stack trace:
#0 C:\AppServ\www\iservice\framework\web\CController.php(270): CController->missingAction('DeviceList')
#1 C:\AppServ\www\iservice\framework\web\CWebApplication.php(282): CController->run('DeviceList')
#2 C:\AppServ\www\iservice\framework\web\CWebApplication.php(141): CWebApplication->runController('Home/DeviceList')
#3 C:\AppServ\www\iservice\framework\base\CApplication.php(180): CWebApplication->processRequest()
#4 C:\AppServ\www\iservice\app\index.php(13): CApplication->run()
#5 {main}
REQUEST_URI=/iservice/app/index.php?r=Home/DeviceList
HTTP_REFERER=http://localhost/iservice/app/index.php?r=Home/RequestHistory
---
2018/05/11 10:33:25 [error] [exception.CException] exception 'CException' with message 'Property "CGridView.0" is not defined.' in C:\AppServ\www\iservice\framework\base\CComponent.php:173
Stack trace:
#0 C:\AppServ\www\iservice\framework\web\CWidgetFactory.php(161): CComponent->__set('0', Array)
#1 C:\AppServ\www\iservice\framework\web\CBaseController.php(146): CWidgetFactory->createWidget(Object(HomeController), 'zii.widgets.gri...', Array)
#2 C:\AppServ\www\iservice\framework\web\CBaseController.php(172): CBaseController->createWidget('zii.widgets.gri...', Array)
#3 C:\AppServ\www\iservice\app\protected\views\home\DeviceList.php(37): CBaseController->widget('zii.widgets.gri...', Array)
#4 C:\AppServ\www\iservice\framework\web\CBaseController.php(126): require('C:\AppServ\www\...')
#5 C:\AppServ\www\iservice\framework\web\CBaseController.php(95): CBaseController->renderInternal('C:\AppServ\www\...', Array, true)
#6 C:\AppServ\www\iservice\framework\web\CController.php(869): CBaseController->renderFile('C:\AppServ\www\...', Array, true)
#7 C:\AppServ\www\iservice\framework\web\CController.php(782): CController->renderPartial('DeviceList', Array, true)
#8 C:\AppServ\www\iservice\app\protected\controllers\HomeController.php(50): CController->render('DeviceList', Array)
#9 C:\AppServ\www\iservice\framework\web\actions\CInlineAction.php(49): HomeController->actionDeviceList()
#10 C:\AppServ\www\iservice\framework\web\CController.php(308): CInlineAction->runWithParams(Array)
#11 C:\AppServ\www\iservice\framework\web\CController.php(286): CController->runAction(Object(CInlineAction))
#12 C:\AppServ\www\iservice\framework\web\CController.php(265): CController->runActionWithFilters(Object(CInlineAction), Array)
#13 C:\AppServ\www\iservice\framework\web\CWebApplication.php(282): CController->run('DeviceList')
#14 C:\AppServ\www\iservice\framework\web\CWebApplication.php(141): CWebApplication->runController('Home/DeviceList')
#15 C:\AppServ\www\iservice\framework\base\CApplication.php(180): CWebApplication->processRequest()
#16 C:\AppServ\www\iservice\app\index.php(13): CApplication->run()
#17 {main}
REQUEST_URI=/iservice/app/index.php?r=Home/DeviceList
HTTP_REFERER=http://localhost/iservice/app/index.php?r=Home/RequestHistory
---
2018/05/11 10:35:31 [error] [exception.CException] exception 'CException' with message 'Property "CGridView.0" is not defined.' in C:\AppServ\www\iservice\framework\base\CComponent.php:173
Stack trace:
#0 C:\AppServ\www\iservice\framework\web\CWidgetFactory.php(161): CComponent->__set('0', Array)
#1 C:\AppServ\www\iservice\framework\web\CBaseController.php(146): CWidgetFactory->createWidget(Object(HomeController), 'zii.widgets.gri...', Array)
#2 C:\AppServ\www\iservice\framework\web\CBaseController.php(172): CBaseController->createWidget('zii.widgets.gri...', Array)
#3 C:\AppServ\www\iservice\app\protected\views\home\DeviceList.php(37): CBaseController->widget('zii.widgets.gri...', Array)
#4 C:\AppServ\www\iservice\framework\web\CBaseController.php(126): require('C:\AppServ\www\...')
#5 C:\AppServ\www\iservice\framework\web\CBaseController.php(95): CBaseController->renderInternal('C:\AppServ\www\...', Array, true)
#6 C:\AppServ\www\iservice\framework\web\CController.php(869): CBaseController->renderFile('C:\AppServ\www\...', Array, true)
#7 C:\AppServ\www\iservice\framework\web\CController.php(782): CController->renderPartial('DeviceList', Array, true)
#8 C:\AppServ\www\iservice\app\protected\controllers\HomeController.php(50): CController->render('DeviceList', Array)
#9 C:\AppServ\www\iservice\framework\web\actions\CInlineAction.php(49): HomeController->actionDeviceList()
#10 C:\AppServ\www\iservice\framework\web\CController.php(308): CInlineAction->runWithParams(Array)
#11 C:\AppServ\www\iservice\framework\web\CController.php(286): CController->runAction(Object(CInlineAction))
#12 C:\AppServ\www\iservice\framework\web\CController.php(265): CController->runActionWithFilters(Object(CInlineAction), Array)
#13 C:\AppServ\www\iservice\framework\web\CWebApplication.php(282): CController->run('DeviceList')
#14 C:\AppServ\www\iservice\framework\web\CWebApplication.php(141): CWebApplication->runController('Home/DeviceList')
#15 C:\AppServ\www\iservice\framework\base\CApplication.php(180): CWebApplication->processRequest()
#16 C:\AppServ\www\iservice\app\index.php(13): CApplication->run()
#17 {main}
REQUEST_URI=/iservice/app/index.php?r=Home/DeviceList
HTTP_REFERER=http://localhost/iservice/app/index.php?r=Home/RequestHistory
---
2018/05/11 10:36:10 [error] [exception.CException] exception 'CException' with message 'Property "CGridView.0" is not defined.' in C:\AppServ\www\iservice\framework\base\CComponent.php:173
Stack trace:
#0 C:\AppServ\www\iservice\framework\web\CWidgetFactory.php(161): CComponent->__set('0', Array)
#1 C:\AppServ\www\iservice\framework\web\CBaseController.php(146): CWidgetFactory->createWidget(Object(HomeController), 'zii.widgets.gri...', Array)
#2 C:\AppServ\www\iservice\framework\web\CBaseController.php(172): CBaseController->createWidget('zii.widgets.gri...', Array)
#3 C:\AppServ\www\iservice\app\protected\views\home\DeviceList.php(37): CBaseController->widget('zii.widgets.gri...', Array)
#4 C:\AppServ\www\iservice\framework\web\CBaseController.php(126): require('C:\AppServ\www\...')
#5 C:\AppServ\www\iservice\framework\web\CBaseController.php(95): CBaseController->renderInternal('C:\AppServ\www\...', Array, true)
#6 C:\AppServ\www\iservice\framework\web\CController.php(869): CBaseController->renderFile('C:\AppServ\www\...', Array, true)
#7 C:\AppServ\www\iservice\framework\web\CController.php(782): CController->renderPartial('DeviceList', Array, true)
#8 C:\AppServ\www\iservice\app\protected\controllers\HomeController.php(50): CController->render('DeviceList', Array)
#9 C:\AppServ\www\iservice\framework\web\actions\CInlineAction.php(49): HomeController->actionDeviceList()
#10 C:\AppServ\www\iservice\framework\web\CController.php(308): CInlineAction->runWithParams(Array)
#11 C:\AppServ\www\iservice\framework\web\CController.php(286): CController->runAction(Object(CInlineAction))
#12 C:\AppServ\www\iservice\framework\web\CController.php(265): CController->runActionWithFilters(Object(CInlineAction), Array)
#13 C:\AppServ\www\iservice\framework\web\CWebApplication.php(282): CController->run('DeviceList')
#14 C:\AppServ\www\iservice\framework\web\CWebApplication.php(141): CWebApplication->runController('Home/DeviceList')
#15 C:\AppServ\www\iservice\framework\base\CApplication.php(180): CWebApplication->processRequest()
#16 C:\AppServ\www\iservice\app\index.php(13): CApplication->run()
#17 {main}
REQUEST_URI=/iservice/app/index.php?r=Home/DeviceList
HTTP_REFERER=http://localhost/iservice/app/index.php?r=Home/RequestHistory
---
2018/05/11 10:37:44 [error] [exception.CException] exception 'CException' with message 'Property "CGridView.0" is not defined.' in C:\AppServ\www\iservice\framework\base\CComponent.php:173
Stack trace:
#0 C:\AppServ\www\iservice\framework\web\CWidgetFactory.php(161): CComponent->__set('0', Array)
#1 C:\AppServ\www\iservice\framework\web\CBaseController.php(146): CWidgetFactory->createWidget(Object(HomeController), 'zii.widgets.gri...', Array)
#2 C:\AppServ\www\iservice\framework\web\CBaseController.php(172): CBaseController->createWidget('zii.widgets.gri...', Array)
#3 C:\AppServ\www\iservice\app\protected\views\home\DeviceList.php(37): CBaseController->widget('zii.widgets.gri...', Array)
#4 C:\AppServ\www\iservice\framework\web\CBaseController.php(126): require('C:\AppServ\www\...')
#5 C:\AppServ\www\iservice\framework\web\CBaseController.php(95): CBaseController->renderInternal('C:\AppServ\www\...', Array, true)
#6 C:\AppServ\www\iservice\framework\web\CController.php(869): CBaseController->renderFile('C:\AppServ\www\...', Array, true)
#7 C:\AppServ\www\iservice\framework\web\CController.php(782): CController->renderPartial('DeviceList', Array, true)
#8 C:\AppServ\www\iservice\app\protected\controllers\HomeController.php(50): CController->render('DeviceList', Array)
#9 C:\AppServ\www\iservice\framework\web\actions\CInlineAction.php(49): HomeController->actionDeviceList()
#10 C:\AppServ\www\iservice\framework\web\CController.php(308): CInlineAction->runWithParams(Array)
#11 C:\AppServ\www\iservice\framework\web\CController.php(286): CController->runAction(Object(CInlineAction))
#12 C:\AppServ\www\iservice\framework\web\CController.php(265): CController->runActionWithFilters(Object(CInlineAction), Array)
#13 C:\AppServ\www\iservice\framework\web\CWebApplication.php(282): CController->run('DeviceList')
#14 C:\AppServ\www\iservice\framework\web\CWebApplication.php(141): CWebApplication->runController('Home/DeviceList')
#15 C:\AppServ\www\iservice\framework\base\CApplication.php(180): CWebApplication->processRequest()
#16 C:\AppServ\www\iservice\app\index.php(13): CApplication->run()
#17 {main}
REQUEST_URI=/iservice/app/index.php?r=Home/DeviceList
HTTP_REFERER=http://localhost/iservice/app/index.php?r=Home/RequestHistory
---
2018/05/11 10:41:38 [error] [exception.CHttpException.404] exception 'CHttpException' with message 'The system is unable to find the requested action "DeviceForm".' in C:\AppServ\www\iservice\framework\web\CController.php:483
Stack trace:
#0 C:\AppServ\www\iservice\framework\web\CController.php(270): CController->missingAction('DeviceForm')
#1 C:\AppServ\www\iservice\framework\web\CWebApplication.php(282): CController->run('DeviceForm')
#2 C:\AppServ\www\iservice\framework\web\CWebApplication.php(141): CWebApplication->runController('Home/DeviceForm')
#3 C:\AppServ\www\iservice\framework\base\CApplication.php(180): CWebApplication->processRequest()
#4 C:\AppServ\www\iservice\app\index.php(13): CApplication->run()
#5 {main}
REQUEST_URI=/iservice/app/index.php?r=Home/DeviceForm
HTTP_REFERER=http://localhost/iservice/app/index.php?r=Home/DeviceList
---
2018/05/11 10:42:03 [error] [exception.CHttpException.404] exception 'CHttpException' with message 'The system is unable to find the requested action "DeviceForm".' in C:\AppServ\www\iservice\framework\web\CController.php:483
Stack trace:
#0 C:\AppServ\www\iservice\framework\web\CController.php(270): CController->missingAction('DeviceForm')
#1 C:\AppServ\www\iservice\framework\web\CWebApplication.php(282): CController->run('DeviceForm')
#2 C:\AppServ\www\iservice\framework\web\CWebApplication.php(141): CWebApplication->runController('Home/DeviceForm')
#3 C:\AppServ\www\iservice\framework\base\CApplication.php(180): CWebApplication->processRequest()
#4 C:\AppServ\www\iservice\app\index.php(13): CApplication->run()
#5 {main}
REQUEST_URI=/iservice/app/index.php?r=Home/DeviceForm&id=1
HTTP_REFERER=http://localhost/iservice/app/index.php?r=Home/DeviceList
---
2018/05/11 10:42:07 [error] [exception.CHttpException.404] exception 'CHttpException' with message 'The system is unable to find the requested action "DeviceForm".' in C:\AppServ\www\iservice\framework\web\CController.php:483
Stack trace:
#0 C:\AppServ\www\iservice\framework\web\CController.php(270): CController->missingAction('DeviceForm')
#1 C:\AppServ\www\iservice\framework\web\CWebApplication.php(282): CController->run('DeviceForm')
#2 C:\AppServ\www\iservice\framework\web\CWebApplication.php(141): CWebApplication->runController('Home/DeviceForm')
#3 C:\AppServ\www\iservice\framework\base\CApplication.php(180): CWebApplication->processRequest()
#4 C:\AppServ\www\iservice\app\index.php(13): CApplication->run()
#5 {main}
REQUEST_URI=/iservice/app/index.php?r=Home/DeviceForm
HTTP_REFERER=http://localhost/iservice/app/index.php?r=Home/DeviceList
---
2018/05/11 10:45:05 [error] [exception.CException] exception 'CException' with message 'Property "Device.device_id" is not defined.' in C:\AppServ\www\iservice\framework\base\CComponent.php:130
Stack trace:
#0 C:\AppServ\www\iservice\framework\db\ar\CActiveRecord.php(145): CComponent->__get('device_id')
#1 C:\AppServ\www\iservice\framework\web\helpers\CHtml.php(2529): CActiveRecord->__get('device_id')
#2 C:\AppServ\www\iservice\framework\web\helpers\CHtml.php(1802): CHtml::resolveValue(Object(Device), 'device_id')
#3 C:\AppServ\www\iservice\framework\web\widgets\CActiveForm.php(847): CHtml::activeDropDownList(Object(Device), 'device_id', Array, Array)
#4 C:\AppServ\www\iservice\app\protected\views\home\DeviceForm.php(14): CActiveForm->dropDownList(Object(Device), 'device_id', Array)
#5 C:\AppServ\www\iservice\framework\web\CBaseController.php(126): require('C:\AppServ\www\...')
#6 C:\AppServ\www\iservice\framework\web\CBaseController.php(95): CBaseController->renderInternal('C:\AppServ\www\...', Array, true)
#7 C:\AppServ\www\iservice\framework\web\CController.php(869): CBaseController->renderFile('C:\AppServ\www\...', Array, true)
#8 C:\AppServ\www\iservice\framework\web\CController.php(782): CController->renderPartial('DeviceForm', Array, true)
#9 C:\AppServ\www\iservice\app\protected\controllers\HomeController.php(72): CController->render('DeviceForm', Array)
#10 [internal function]: HomeController->actionDeviceForm(NULL)
#11 C:\AppServ\www\iservice\framework\web\actions\CAction.php(108): ReflectionMethod->invokeArgs(Object(HomeController), Array)
#12 C:\AppServ\www\iservice\framework\web\actions\CInlineAction.php(47): CAction->runWithParamsInternal(Object(HomeController), Object(ReflectionMethod), Array)
#13 C:\AppServ\www\iservice\framework\web\CController.php(308): CInlineAction->runWithParams(Array)
#14 C:\AppServ\www\iservice\framework\web\CController.php(286): CController->runAction(Object(CInlineAction))
#15 C:\AppServ\www\iservice\framework\web\CController.php(265): CController->runActionWithFilters(Object(CInlineAction), Array)
#16 C:\AppServ\www\iservice\framework\web\CWebApplication.php(282): CController->run('DeviceForm')
#17 C:\AppServ\www\iservice\framework\web\CWebApplication.php(141): CWebApplication->runController('Home/DeviceForm')
#18 C:\AppServ\www\iservice\framework\base\CApplication.php(180): CWebApplication->processRequest()
#19 C:\AppServ\www\iservice\app\index.php(13): CApplication->run()
#20 {main}
REQUEST_URI=/iservice/app/index.php?r=Home/DeviceForm
HTTP_REFERER=http://localhost/iservice/app/index.php?r=Home/DeviceList
---
2018/05/11 10:49:54 [error] [exception.CException] exception 'CException' with message 'Property "Device.device_record_code" is not defined.' in C:\AppServ\www\iservice\framework\base\CComponent.php:130
Stack trace:
#0 C:\AppServ\www\iservice\framework\db\ar\CActiveRecord.php(145): CComponent->__get('device_record_c...')
#1 C:\AppServ\www\iservice\framework\web\helpers\CHtml.php(2529): CActiveRecord->__get('device_record_c...')
#2 C:\AppServ\www\iservice\framework\web\helpers\CHtml.php(2252): CHtml::resolveValue(Object(Device), 'device_record_c...')
#3 C:\AppServ\www\iservice\framework\web\helpers\CHtml.php(1434): CHtml::activeInputField('text', Object(Device), 'device_record_c...', Array)
#4 C:\AppServ\www\iservice\framework\web\widgets\CActiveForm.php(725): CHtml::activeTextField(Object(Device), 'device_record_c...', Array)
#5 C:\AppServ\www\iservice\app\protected\views\home\DeviceForm.php(30): CActiveForm->textField(Object(Device), 'device_record_c...', Array)
#6 C:\AppServ\www\iservice\framework\web\CBaseController.php(126): require('C:\AppServ\www\...')
#7 C:\AppServ\www\iservice\framework\web\CBaseController.php(95): CBaseController->renderInternal('C:\AppServ\www\...', Array, true)
#8 C:\AppServ\www\iservice\framework\web\CController.php(869): CBaseController->renderFile('C:\AppServ\www\...', Array, true)
#9 C:\AppServ\www\iservice\framework\web\CController.php(782): CController->renderPartial('DeviceForm', Array, true)
#10 C:\AppServ\www\iservice\app\protected\controllers\HomeController.php(72): CController->render('DeviceForm', Array)
#11 [internal function]: HomeController->actionDeviceForm(NULL)
#12 C:\AppServ\www\iservice\framework\web\actions\CAction.php(108): ReflectionMethod->invokeArgs(Object(HomeController), Array)
#13 C:\AppServ\www\iservice\framework\web\actions\CInlineAction.php(47): CAction->runWithParamsInternal(Object(HomeController), Object(ReflectionMethod), Array)
#14 C:\AppServ\www\iservice\framework\web\CController.php(308): CInlineAction->runWithParams(Array)
#15 C:\AppServ\www\iservice\framework\web\CController.php(286): CController->runAction(Object(CInlineAction))
#16 C:\AppServ\www\iservice\framework\web\CController.php(265): CController->runActionWithFilters(Object(CInlineAction), Array)
#17 C:\AppServ\www\iservice\framework\web\CWebApplication.php(282): CController->run('DeviceForm')
#18 C:\AppServ\www\iservice\framework\web\CWebApplication.php(141): CWebApplication->runController('Home/DeviceForm')
#19 C:\AppServ\www\iservice\framework\base\CApplication.php(180): CWebApplication->processRequest()
#20 C:\AppServ\www\iservice\app\index.php(13): CApplication->run()
#21 {main}
REQUEST_URI=/iservice/app/index.php?r=Home/DeviceForm
HTTP_REFERER=http://localhost/iservice/app/index.php?r=Home/DeviceList
---
2018/05/11 10:59:43 [error] [exception.CHttpException.404] exception 'CHttpException' with message 'The system is unable to find the requested action "DeviceDelete".' in C:\AppServ\www\iservice\framework\web\CController.php:483
Stack trace:
#0 C:\AppServ\www\iservice\framework\web\CController.php(270): CController->missingAction('DeviceDelete')
#1 C:\AppServ\www\iservice\framework\web\CWebApplication.php(282): CController->run('DeviceDelete')
#2 C:\AppServ\www\iservice\framework\web\CWebApplication.php(141): CWebApplication->runController('Home/DeviceDele...')
#3 C:\AppServ\www\iservice\framework\base\CApplication.php(180): CWebApplication->processRequest()
#4 C:\AppServ\www\iservice\app\index.php(13): CApplication->run()
#5 {main}
REQUEST_URI=/iservice/app/index.php?r=Home/DeviceDelete&id=3
HTTP_REFERER=http://localhost/iservice/app/index.php?r=home/DeviceList
---
